{"/Users/orsolya.ruzsin/Documents/hackernews/cucumber.mjs": {"path":"/Users/orsolya.ruzsin/Documents/hackernews/cucumber.mjs","all":true,"statementMap":{"0":{"start":{"line":1,"column":0},"end":{"line":1,"column":16}},"1":{"start":{"line":2,"column":0},"end":{"line":2,"column":29}},"2":{"start":{"line":3,"column":0},"end":{"line":3,"column":43}},"3":{"start":{"line":4,"column":0},"end":{"line":4,"column":59}},"4":{"start":{"line":5,"column":0},"end":{"line":5,"column":13}},"5":{"start":{"line":6,"column":0},"end":{"line":6,"column":38}},"6":{"start":{"line":7,"column":0},"end":{"line":7,"column":28}},"7":{"start":{"line":8,"column":0},"end":{"line":8,"column":6}},"8":{"start":{"line":9,"column":0},"end":{"line":9,"column":25}},"9":{"start":{"line":10,"column":0},"end":{"line":10,"column":28}},"10":{"start":{"line":11,"column":0},"end":{"line":11,"column":34}},"11":{"start":{"line":12,"column":0},"end":{"line":12,"column":25}},"12":{"start":{"line":13,"column":0},"end":{"line":13,"column":25}},"13":{"start":{"line":14,"column":0},"end":{"line":14,"column":16}},"14":{"start":{"line":15,"column":0},"end":{"line":15,"column":11}},"15":{"start":{"line":16,"column":0},"end":{"line":16,"column":24}},"16":{"start":{"line":17,"column":0},"end":{"line":17,"column":22}},"17":{"start":{"line":18,"column":0},"end":{"line":18,"column":19}},"18":{"start":{"line":19,"column":0},"end":{"line":19,"column":29}},"19":{"start":{"line":20,"column":0},"end":{"line":20,"column":18}},"20":{"start":{"line":21,"column":0},"end":{"line":21,"column":16}},"21":{"start":{"line":22,"column":0},"end":{"line":22,"column":19}},"22":{"start":{"line":23,"column":0},"end":{"line":23,"column":2}}},"s":{"0":0,"1":0,"2":0,"3":0,"4":0,"5":0,"6":0,"7":0,"8":0,"9":0,"10":0,"11":0,"12":0,"13":0,"14":0,"15":0,"16":0,"17":0,"18":0,"19":0,"20":0,"21":0,"22":0},"branchMap":{"0":{"type":"branch","line":1,"loc":{"start":{"line":1,"column":567},"end":{"line":23,"column":2}},"locations":[{"start":{"line":1,"column":567},"end":{"line":23,"column":2}}]}},"b":{"0":[0]},"fnMap":{"0":{"name":"(empty-report)","decl":{"start":{"line":1,"column":567},"end":{"line":23,"column":2}},"loc":{"start":{"line":1,"column":567},"end":{"line":23,"column":2}},"line":1}},"f":{"0":0}}
,"/Users/orsolya.ruzsin/Documents/hackernews/playwright.config.ts": {"path":"/Users/orsolya.ruzsin/Documents/hackernews/playwright.config.ts","all":true,"statementMap":{"1":{"start":{"line":2,"column":0},"end":{"line":2,"column":57}},"14":{"start":{"line":15,"column":0},"end":{"line":15,"column":29}},"15":{"start":{"line":16,"column":0},"end":{"line":16,"column":21}},"17":{"start":{"line":18,"column":0},"end":{"line":18,"column":22}},"19":{"start":{"line":20,"column":0},"end":{"line":20,"column":31}},"21":{"start":{"line":22,"column":0},"end":{"line":22,"column":34}},"23":{"start":{"line":24,"column":0},"end":{"line":24,"column":42}},"25":{"start":{"line":26,"column":0},"end":{"line":26,"column":19}},"27":{"start":{"line":28,"column":0},"end":{"line":28,"column":8}},"32":{"start":{"line":33,"column":0},"end":{"line":33,"column":28}},"33":{"start":{"line":34,"column":0},"end":{"line":34,"column":4}},"36":{"start":{"line":37,"column":0},"end":{"line":37,"column":13}},"37":{"start":{"line":38,"column":0},"end":{"line":38,"column":5}},"38":{"start":{"line":39,"column":0},"end":{"line":39,"column":23}},"39":{"start":{"line":40,"column":0},"end":{"line":40,"column":44}},"40":{"start":{"line":41,"column":0},"end":{"line":41,"column":6}},"42":{"start":{"line":43,"column":0},"end":{"line":43,"column":5}},"43":{"start":{"line":44,"column":0},"end":{"line":44,"column":22}},"44":{"start":{"line":45,"column":0},"end":{"line":45,"column":45}},"45":{"start":{"line":46,"column":0},"end":{"line":46,"column":6}},"47":{"start":{"line":48,"column":0},"end":{"line":48,"column":5}},"48":{"start":{"line":49,"column":0},"end":{"line":49,"column":21}},"49":{"start":{"line":50,"column":0},"end":{"line":50,"column":44}},"50":{"start":{"line":51,"column":0},"end":{"line":51,"column":6}},"71":{"start":{"line":72,"column":0},"end":{"line":72,"column":4}},"79":{"start":{"line":80,"column":0},"end":{"line":80,"column":3}}},"s":{"1":0,"14":0,"15":0,"17":0,"19":0,"21":0,"23":0,"25":0,"27":0,"32":0,"33":0,"36":0,"37":0,"38":0,"39":0,"40":0,"42":0,"43":0,"44":0,"45":0,"47":0,"48":0,"49":0,"50":0,"71":0,"79":0},"branchMap":{"0":{"type":"branch","line":1,"loc":{"start":{"line":1,"column":2190},"end":{"line":80,"column":3}},"locations":[{"start":{"line":1,"column":2190},"end":{"line":80,"column":3}}]}},"b":{"0":[1]},"fnMap":{"0":{"name":"(empty-report)","decl":{"start":{"line":1,"column":2190},"end":{"line":80,"column":3}},"loc":{"start":{"line":1,"column":2190},"end":{"line":80,"column":3}},"line":1}},"f":{"0":1}}
,"/Users/orsolya.ruzsin/Documents/hackernews/src/App.tsx": {"path":"/Users/orsolya.ruzsin/Documents/hackernews/src/App.tsx","all":true,"statementMap":{"0":{"start":{"line":1,"column":0},"end":{"line":1,"column":33}},"1":{"start":{"line":2,"column":0},"end":{"line":2,"column":48}},"2":{"start":{"line":3,"column":0},"end":{"line":3,"column":41}},"3":{"start":{"line":4,"column":0},"end":{"line":4,"column":51}},"4":{"start":{"line":5,"column":0},"end":{"line":5,"column":47}},"5":{"start":{"line":6,"column":0},"end":{"line":6,"column":39}},"7":{"start":{"line":8,"column":0},"end":{"line":8,"column":16}},"8":{"start":{"line":9,"column":0},"end":{"line":9,"column":52}},"9":{"start":{"line":10,"column":0},"end":{"line":10,"column":56}},"10":{"start":{"line":11,"column":0},"end":{"line":11,"column":70}},"11":{"start":{"line":12,"column":0},"end":{"line":12,"column":57}},"12":{"start":{"line":13,"column":0},"end":{"line":13,"column":92}},"14":{"start":{"line":15,"column":0},"end":{"line":15,"column":46}},"15":{"start":{"line":16,"column":0},"end":{"line":16,"column":26}},"16":{"start":{"line":17,"column":0},"end":{"line":17,"column":4}},"18":{"start":{"line":19,"column":0},"end":{"line":19,"column":38}},"19":{"start":{"line":20,"column":0},"end":{"line":20,"column":32}},"20":{"start":{"line":21,"column":0},"end":{"line":21,"column":4}},"22":{"start":{"line":23,"column":0},"end":{"line":23,"column":34}},"23":{"start":{"line":24,"column":0},"end":{"line":24,"column":25}},"24":{"start":{"line":25,"column":0},"end":{"line":25,"column":26}},"25":{"start":{"line":26,"column":0},"end":{"line":26,"column":4}},"27":{"start":{"line":28,"column":0},"end":{"line":28,"column":52}},"28":{"start":{"line":29,"column":0},"end":{"line":29,"column":25}},"29":{"start":{"line":30,"column":0},"end":{"line":30,"column":29}},"30":{"start":{"line":31,"column":0},"end":{"line":31,"column":4}},"32":{"start":{"line":33,"column":0},"end":{"line":33,"column":37}},"33":{"start":{"line":34,"column":0},"end":{"line":34,"column":26}},"34":{"start":{"line":35,"column":0},"end":{"line":35,"column":26}},"35":{"start":{"line":36,"column":0},"end":{"line":36,"column":26}},"36":{"start":{"line":37,"column":0},"end":{"line":37,"column":59}},"37":{"start":{"line":38,"column":0},"end":{"line":38,"column":4}},"39":{"start":{"line":40,"column":0},"end":{"line":40,"column":30}},"40":{"start":{"line":41,"column":0},"end":{"line":41,"column":18}},"41":{"start":{"line":42,"column":0},"end":{"line":42,"column":35}},"42":{"start":{"line":43,"column":0},"end":{"line":43,"column":4}},"44":{"start":{"line":45,"column":0},"end":{"line":45,"column":34}},"45":{"start":{"line":46,"column":0},"end":{"line":46,"column":26}},"46":{"start":{"line":47,"column":0},"end":{"line":47,"column":26}},"47":{"start":{"line":48,"column":0},"end":{"line":48,"column":4}},"49":{"start":{"line":50,"column":0},"end":{"line":50,"column":10}},"50":{"start":{"line":51,"column":0},"end":{"line":51,"column":33}},"51":{"start":{"line":52,"column":0},"end":{"line":52,"column":13}},"52":{"start":{"line":53,"column":0},"end":{"line":53,"column":37}},"53":{"start":{"line":54,"column":0},"end":{"line":54,"column":39}},"54":{"start":{"line":55,"column":0},"end":{"line":55,"column":27}},"55":{"start":{"line":56,"column":0},"end":{"line":56,"column":33}},"56":{"start":{"line":57,"column":0},"end":{"line":57,"column":31}},"57":{"start":{"line":58,"column":0},"end":{"line":58,"column":8}},"59":{"start":{"line":60,"column":0},"end":{"line":60,"column":44}},"60":{"start":{"line":61,"column":0},"end":{"line":61,"column":43}},"62":{"start":{"line":63,"column":0},"end":{"line":63,"column":12}},"63":{"start":{"line":64,"column":0},"end":{"line":64,"column":15}},"65":{"start":{"line":66,"column":0},"end":{"line":66,"column":40}},"66":{"start":{"line":67,"column":0},"end":{"line":67,"column":18}},"67":{"start":{"line":68,"column":0},"end":{"line":68,"column":27}},"68":{"start":{"line":69,"column":0},"end":{"line":69,"column":27}},"69":{"start":{"line":70,"column":0},"end":{"line":70,"column":23}},"70":{"start":{"line":71,"column":0},"end":{"line":71,"column":27}},"71":{"start":{"line":72,"column":0},"end":{"line":72,"column":31}},"72":{"start":{"line":73,"column":0},"end":{"line":73,"column":29}},"73":{"start":{"line":74,"column":0},"end":{"line":74,"column":52}},"74":{"start":{"line":75,"column":0},"end":{"line":75,"column":10}},"75":{"start":{"line":76,"column":0},"end":{"line":76,"column":13}},"77":{"start":{"line":78,"column":0},"end":{"line":78,"column":16}},"78":{"start":{"line":79,"column":0},"end":{"line":79,"column":25}},"79":{"start":{"line":80,"column":0},"end":{"line":80,"column":28}},"80":{"start":{"line":81,"column":0},"end":{"line":81,"column":29}},"81":{"start":{"line":82,"column":0},"end":{"line":82,"column":34}},"82":{"start":{"line":83,"column":0},"end":{"line":83,"column":36}},"83":{"start":{"line":84,"column":0},"end":{"line":84,"column":8}},"85":{"start":{"line":86,"column":0},"end":{"line":86,"column":44}},"86":{"start":{"line":87,"column":0},"end":{"line":87,"column":11}},"87":{"start":{"line":88,"column":0},"end":{"line":88,"column":55}},"88":{"start":{"line":89,"column":0},"end":{"line":89,"column":13}},"89":{"start":{"line":90,"column":0},"end":{"line":90,"column":53}},"90":{"start":{"line":91,"column":0},"end":{"line":91,"column":28}},"91":{"start":{"line":92,"column":0},"end":{"line":92,"column":37}},"92":{"start":{"line":93,"column":0},"end":{"line":93,"column":11}},"94":{"start":{"line":95,"column":0},"end":{"line":95,"column":14}},"95":{"start":{"line":96,"column":0},"end":{"line":96,"column":12}},"96":{"start":{"line":97,"column":0},"end":{"line":97,"column":15}},"97":{"start":{"line":98,"column":0},"end":{"line":98,"column":10}},"99":{"start":{"line":100,"column":0},"end":{"line":100,"column":1}},"101":{"start":{"line":102,"column":0},"end":{"line":102,"column":19}}},"s":{"0":0,"1":0,"2":0,"3":0,"4":0,"5":0,"7":0,"8":0,"9":0,"10":0,"11":0,"12":0,"14":0,"15":0,"16":0,"18":0,"19":0,"20":0,"22":0,"23":0,"24":0,"25":0,"27":0,"28":0,"29":0,"30":0,"32":0,"33":0,"34":0,"35":0,"36":0,"37":0,"39":0,"40":0,"41":0,"42":0,"44":0,"45":0,"46":0,"47":0,"49":0,"50":0,"51":0,"52":0,"53":0,"54":0,"55":0,"56":0,"57":0,"59":0,"60":0,"62":0,"63":0,"65":0,"66":0,"67":0,"68":0,"69":0,"70":0,"71":0,"72":0,"73":0,"74":0,"75":0,"77":0,"78":0,"79":0,"80":0,"81":0,"82":0,"83":0,"85":0,"86":0,"87":0,"88":0,"89":0,"90":0,"91":0,"92":0,"94":0,"95":0,"96":0,"97":0,"99":0,"101":0},"branchMap":{"0":{"type":"branch","line":1,"loc":{"start":{"line":1,"column":2626},"end":{"line":102,"column":19}},"locations":[{"start":{"line":1,"column":2626},"end":{"line":102,"column":19}}]}},"b":{"0":[0]},"fnMap":{"0":{"name":"(empty-report)","decl":{"start":{"line":1,"column":2626},"end":{"line":102,"column":19}},"loc":{"start":{"line":1,"column":2626},"end":{"line":102,"column":19}},"line":1}},"f":{"0":0}}
,"/Users/orsolya.ruzsin/Documents/hackernews/src/main.tsx": {"path":"/Users/orsolya.ruzsin/Documents/hackernews/src/main.tsx","all":true,"statementMap":{"0":{"start":{"line":1,"column":0},"end":{"line":1,"column":34}},"1":{"start":{"line":2,"column":0},"end":{"line":2,"column":45}},"2":{"start":{"line":3,"column":0},"end":{"line":3,"column":20}},"3":{"start":{"line":4,"column":0},"end":{"line":4,"column":23}},"5":{"start":{"line":6,"column":0},"end":{"line":6,"column":52}},"6":{"start":{"line":7,"column":0},"end":{"line":7,"column":14}},"7":{"start":{"line":8,"column":0},"end":{"line":8,"column":11}},"8":{"start":{"line":9,"column":0},"end":{"line":9,"column":16}},"9":{"start":{"line":10,"column":0},"end":{"line":10,"column":1}}},"s":{"0":0,"1":0,"2":0,"3":0,"5":0,"6":0,"7":0,"8":0,"9":0},"branchMap":{"0":{"type":"branch","line":1,"loc":{"start":{"line":1,"column":199},"end":{"line":10,"column":-144}},"locations":[{"start":{"line":1,"column":199},"end":{"line":10,"column":-144}}]}},"b":{"0":[0]},"fnMap":{"0":{"name":"(empty-report)","decl":{"start":{"line":1,"column":199},"end":{"line":10,"column":-144}},"loc":{"start":{"line":1,"column":199},"end":{"line":10,"column":-144}},"line":1}},"f":{"0":0}}
,"/Users/orsolya.ruzsin/Documents/hackernews/src/components/LoginPage.tsx": {"path":"/Users/orsolya.ruzsin/Documents/hackernews/src/components/LoginPage.tsx","all":false,"statementMap":{"0":{"start":{"line":1,"column":0},"end":{"line":1,"column":44}},"1":{"start":{"line":2,"column":0},"end":{"line":2,"column":46}},"2":{"start":{"line":3,"column":0},"end":{"line":3,"column":45}},"4":{"start":{"line":5,"column":0},"end":{"line":5,"column":94}},"5":{"start":{"line":6,"column":0},"end":{"line":6,"column":44}},"6":{"start":{"line":7,"column":0},"end":{"line":7,"column":17}},"7":{"start":{"line":8,"column":0},"end":{"line":8,"column":16}},"8":{"start":{"line":9,"column":0},"end":{"line":9,"column":5}},"9":{"start":{"line":10,"column":0},"end":{"line":10,"column":103}},"10":{"start":{"line":11,"column":0},"end":{"line":11,"column":52}},"11":{"start":{"line":12,"column":0},"end":{"line":12,"column":64}},"13":{"start":{"line":14,"column":0},"end":{"line":14,"column":19}},"14":{"start":{"line":15,"column":0},"end":{"line":15,"column":17}},"15":{"start":{"line":16,"column":0},"end":{"line":16,"column":34}},"16":{"start":{"line":17,"column":0},"end":{"line":17,"column":20}},"17":{"start":{"line":18,"column":0},"end":{"line":18,"column":50}},"18":{"start":{"line":19,"column":0},"end":{"line":19,"column":5}},"19":{"start":{"line":20,"column":0},"end":{"line":20,"column":26}},"21":{"start":{"line":22,"column":0},"end":{"line":22,"column":30}},"22":{"start":{"line":23,"column":0},"end":{"line":23,"column":67}},"24":{"start":{"line":25,"column":0},"end":{"line":25,"column":36}},"25":{"start":{"line":26,"column":0},"end":{"line":26,"column":50}},"26":{"start":{"line":27,"column":0},"end":{"line":27,"column":53}},"27":{"start":{"line":28,"column":0},"end":{"line":28,"column":68}},"28":{"start":{"line":29,"column":0},"end":{"line":29,"column":5}},"30":{"start":{"line":31,"column":0},"end":{"line":31,"column":29}},"31":{"start":{"line":32,"column":0},"end":{"line":32,"column":50}},"32":{"start":{"line":33,"column":0},"end":{"line":33,"column":46}},"33":{"start":{"line":34,"column":0},"end":{"line":34,"column":68}},"34":{"start":{"line":35,"column":0},"end":{"line":35,"column":5}},"36":{"start":{"line":37,"column":0},"end":{"line":37,"column":25}},"37":{"start":{"line":38,"column":0},"end":{"line":38,"column":47}},"38":{"start":{"line":39,"column":0},"end":{"line":39,"column":4}},"40":{"start":{"line":41,"column":0},"end":{"line":41,"column":36}},"41":{"start":{"line":42,"column":0},"end":{"line":42,"column":37}},"42":{"start":{"line":43,"column":0},"end":{"line":43,"column":26}},"43":{"start":{"line":44,"column":0},"end":{"line":44,"column":14}},"44":{"start":{"line":45,"column":0},"end":{"line":45,"column":19}},"45":{"start":{"line":46,"column":0},"end":{"line":46,"column":8}},"47":{"start":{"line":48,"column":0},"end":{"line":48,"column":23}},"48":{"start":{"line":49,"column":0},"end":{"line":49,"column":26}},"49":{"start":{"line":50,"column":0},"end":{"line":50,"column":16}},"50":{"start":{"line":51,"column":0},"end":{"line":51,"column":18}},"51":{"start":{"line":52,"column":0},"end":{"line":52,"column":10}},"52":{"start":{"line":53,"column":0},"end":{"line":53,"column":5}},"53":{"start":{"line":54,"column":0},"end":{"line":54,"column":4}},"55":{"start":{"line":56,"column":0},"end":{"line":56,"column":37}},"56":{"start":{"line":57,"column":0},"end":{"line":57,"column":23}},"58":{"start":{"line":59,"column":0},"end":{"line":59,"column":26}},"59":{"start":{"line":60,"column":0},"end":{"line":60,"column":13}},"60":{"start":{"line":61,"column":0},"end":{"line":61,"column":5}},"62":{"start":{"line":63,"column":0},"end":{"line":63,"column":23}},"64":{"start":{"line":65,"column":0},"end":{"line":65,"column":9}},"65":{"start":{"line":66,"column":0},"end":{"line":66,"column":62}},"67":{"start":{"line":68,"column":0},"end":{"line":68,"column":20}},"68":{"start":{"line":69,"column":0},"end":{"line":69,"column":35}},"69":{"start":{"line":70,"column":0},"end":{"line":70,"column":7}},"71":{"start":{"line":72,"column":0},"end":{"line":72,"column":50}},"72":{"start":{"line":73,"column":0},"end":{"line":73,"column":20}},"74":{"start":{"line":75,"column":0},"end":{"line":75,"column":20}},"75":{"start":{"line":76,"column":0},"end":{"line":76,"column":18}},"76":{"start":{"line":77,"column":0},"end":{"line":77,"column":7}},"77":{"start":{"line":78,"column":0},"end":{"line":78,"column":21}},"78":{"start":{"line":79,"column":0},"end":{"line":79,"column":64}},"79":{"start":{"line":80,"column":0},"end":{"line":80,"column":15}},"80":{"start":{"line":81,"column":0},"end":{"line":81,"column":26}},"81":{"start":{"line":82,"column":0},"end":{"line":82,"column":5}},"82":{"start":{"line":83,"column":0},"end":{"line":83,"column":4}},"84":{"start":{"line":85,"column":0},"end":{"line":85,"column":37}},"85":{"start":{"line":86,"column":0},"end":{"line":86,"column":50}},"86":{"start":{"line":87,"column":0},"end":{"line":87,"column":16}},"87":{"start":{"line":88,"column":0},"end":{"line":88,"column":5}},"88":{"start":{"line":89,"column":0},"end":{"line":89,"column":4}},"90":{"start":{"line":91,"column":0},"end":{"line":91,"column":28}},"91":{"start":{"line":92,"column":0},"end":{"line":92,"column":71}},"92":{"start":{"line":93,"column":0},"end":{"line":93,"column":18}},"93":{"start":{"line":94,"column":0},"end":{"line":94,"column":4}},"95":{"start":{"line":96,"column":0},"end":{"line":96,"column":16}},"96":{"start":{"line":97,"column":0},"end":{"line":97,"column":16}},"97":{"start":{"line":98,"column":0},"end":{"line":98,"column":3}},"99":{"start":{"line":100,"column":0},"end":{"line":100,"column":10}},"100":{"start":{"line":101,"column":0},"end":{"line":101,"column":71}},"101":{"start":{"line":102,"column":0},"end":{"line":102,"column":74}},"103":{"start":{"line":104,"column":0},"end":{"line":104,"column":16}},"104":{"start":{"line":105,"column":0},"end":{"line":105,"column":38}},"105":{"start":{"line":106,"column":0},"end":{"line":106,"column":26}},"106":{"start":{"line":107,"column":0},"end":{"line":107,"column":27}},"107":{"start":{"line":108,"column":0},"end":{"line":108,"column":40}},"108":{"start":{"line":109,"column":0},"end":{"line":109,"column":9}},"110":{"start":{"line":111,"column":0},"end":{"line":111,"column":17}},"113":{"start":{"line":114,"column":0},"end":{"line":114,"column":45}},"114":{"start":{"line":115,"column":0},"end":{"line":115,"column":47}},"115":{"start":{"line":116,"column":0},"end":{"line":116,"column":70}},"116":{"start":{"line":117,"column":0},"end":{"line":117,"column":61}},"117":{"start":{"line":118,"column":0},"end":{"line":118,"column":101}},"118":{"start":{"line":119,"column":0},"end":{"line":119,"column":17}},"119":{"start":{"line":120,"column":0},"end":{"line":120,"column":16}},"120":{"start":{"line":121,"column":0},"end":{"line":121,"column":64}},"121":{"start":{"line":122,"column":0},"end":{"line":122,"column":90}},"122":{"start":{"line":123,"column":0},"end":{"line":123,"column":70}},"123":{"start":{"line":124,"column":0},"end":{"line":124,"column":64}},"125":{"start":{"line":126,"column":0},"end":{"line":126,"column":14}},"126":{"start":{"line":127,"column":0},"end":{"line":127,"column":14}},"129":{"start":{"line":130,"column":0},"end":{"line":130,"column":99}},"130":{"start":{"line":131,"column":0},"end":{"line":131,"column":30}},"131":{"start":{"line":132,"column":0},"end":{"line":132,"column":50}},"132":{"start":{"line":133,"column":0},"end":{"line":133,"column":30}},"133":{"start":{"line":134,"column":0},"end":{"line":134,"column":18}},"137":{"start":{"line":138,"column":0},"end":{"line":138,"column":45}},"138":{"start":{"line":139,"column":0},"end":{"line":139,"column":86}},"140":{"start":{"line":141,"column":0},"end":{"line":141,"column":20}},"141":{"start":{"line":142,"column":0},"end":{"line":142,"column":18}},"142":{"start":{"line":143,"column":0},"end":{"line":143,"column":27}},"143":{"start":{"line":144,"column":0},"end":{"line":144,"column":29}},"144":{"start":{"line":145,"column":0},"end":{"line":145,"column":25}},"145":{"start":{"line":146,"column":0},"end":{"line":146,"column":39}},"146":{"start":{"line":147,"column":0},"end":{"line":147,"column":42}},"147":{"start":{"line":148,"column":0},"end":{"line":148,"column":89}},"148":{"start":{"line":149,"column":0},"end":{"line":149,"column":47}},"149":{"start":{"line":150,"column":0},"end":{"line":150,"column":34}},"150":{"start":{"line":151,"column":0},"end":{"line":151,"column":14}},"151":{"start":{"line":152,"column":0},"end":{"line":152,"column":33}},"152":{"start":{"line":153,"column":0},"end":{"line":153,"column":73}},"153":{"start":{"line":154,"column":0},"end":{"line":154,"column":33}},"154":{"start":{"line":155,"column":0},"end":{"line":155,"column":21}},"156":{"start":{"line":157,"column":0},"end":{"line":157,"column":16}},"159":{"start":{"line":160,"column":0},"end":{"line":160,"column":45}},"160":{"start":{"line":161,"column":0},"end":{"line":161,"column":86}},"162":{"start":{"line":163,"column":0},"end":{"line":163,"column":20}},"163":{"start":{"line":164,"column":0},"end":{"line":164,"column":18}},"164":{"start":{"line":165,"column":0},"end":{"line":165,"column":27}},"165":{"start":{"line":166,"column":0},"end":{"line":166,"column":29}},"166":{"start":{"line":167,"column":0},"end":{"line":167,"column":29}},"167":{"start":{"line":168,"column":0},"end":{"line":168,"column":39}},"168":{"start":{"line":169,"column":0},"end":{"line":169,"column":42}},"169":{"start":{"line":170,"column":0},"end":{"line":170,"column":89}},"170":{"start":{"line":171,"column":0},"end":{"line":171,"column":47}},"171":{"start":{"line":172,"column":0},"end":{"line":172,"column":34}},"172":{"start":{"line":173,"column":0},"end":{"line":173,"column":14}},"173":{"start":{"line":174,"column":0},"end":{"line":174,"column":33}},"174":{"start":{"line":175,"column":0},"end":{"line":175,"column":73}},"175":{"start":{"line":176,"column":0},"end":{"line":176,"column":33}},"176":{"start":{"line":177,"column":0},"end":{"line":177,"column":21}},"178":{"start":{"line":179,"column":0},"end":{"line":179,"column":16}},"181":{"start":{"line":182,"column":0},"end":{"line":182,"column":23}},"182":{"start":{"line":183,"column":0},"end":{"line":183,"column":25}},"183":{"start":{"line":184,"column":0},"end":{"line":184,"column":32}},"184":{"start":{"line":185,"column":0},"end":{"line":185,"column":41}},"185":{"start":{"line":186,"column":0},"end":{"line":186,"column":29}},"186":{"start":{"line":187,"column":0},"end":{"line":187,"column":34}},"188":{"start":{"line":189,"column":0},"end":{"line":189,"column":26}},"189":{"start":{"line":190,"column":0},"end":{"line":190,"column":78}},"190":{"start":{"line":191,"column":0},"end":{"line":191,"column":57}},"191":{"start":{"line":192,"column":0},"end":{"line":192,"column":88}},"192":{"start":{"line":193,"column":0},"end":{"line":193,"column":21}},"194":{"start":{"line":195,"column":0},"end":{"line":195,"column":73}},"196":{"start":{"line":197,"column":0},"end":{"line":197,"column":25}},"197":{"start":{"line":198,"column":0},"end":{"line":198,"column":15}},"200":{"start":{"line":201,"column":0},"end":{"line":201,"column":45}},"201":{"start":{"line":202,"column":0},"end":{"line":202,"column":44}},"202":{"start":{"line":203,"column":0},"end":{"line":203,"column":98}},"203":{"start":{"line":204,"column":0},"end":{"line":204,"column":26}},"204":{"start":{"line":205,"column":0},"end":{"line":205,"column":27}},"205":{"start":{"line":206,"column":0},"end":{"line":206,"column":43}},"206":{"start":{"line":207,"column":0},"end":{"line":207,"column":31}},"207":{"start":{"line":208,"column":0},"end":{"line":208,"column":34}},"208":{"start":{"line":209,"column":0},"end":{"line":209,"column":34}},"210":{"start":{"line":211,"column":0},"end":{"line":211,"column":75}},"211":{"start":{"line":212,"column":0},"end":{"line":212,"column":27}},"212":{"start":{"line":213,"column":0},"end":{"line":213,"column":14}},"214":{"start":{"line":215,"column":0},"end":{"line":215,"column":44}},"215":{"start":{"line":216,"column":0},"end":{"line":216,"column":26}},"216":{"start":{"line":217,"column":0},"end":{"line":217,"column":27}},"217":{"start":{"line":218,"column":0},"end":{"line":218,"column":43}},"218":{"start":{"line":219,"column":0},"end":{"line":219,"column":31}},"219":{"start":{"line":220,"column":0},"end":{"line":220,"column":34}},"220":{"start":{"line":221,"column":0},"end":{"line":221,"column":34}},"221":{"start":{"line":222,"column":0},"end":{"line":222,"column":13}},"223":{"start":{"line":224,"column":0},"end":{"line":224,"column":27}},"225":{"start":{"line":226,"column":0},"end":{"line":226,"column":14}},"228":{"start":{"line":229,"column":0},"end":{"line":229,"column":42}},"229":{"start":{"line":230,"column":0},"end":{"line":230,"column":69}},"230":{"start":{"line":231,"column":0},"end":{"line":231,"column":99}},"231":{"start":{"line":232,"column":0},"end":{"line":232,"column":69}},"232":{"start":{"line":233,"column":0},"end":{"line":233,"column":75}},"233":{"start":{"line":234,"column":0},"end":{"line":234,"column":62}},"234":{"start":{"line":235,"column":0},"end":{"line":235,"column":52}},"235":{"start":{"line":236,"column":0},"end":{"line":236,"column":56}},"236":{"start":{"line":237,"column":0},"end":{"line":237,"column":17}},"237":{"start":{"line":238,"column":0},"end":{"line":238,"column":16}},"239":{"start":{"line":240,"column":0},"end":{"line":240,"column":12}},"240":{"start":{"line":241,"column":0},"end":{"line":241,"column":10}},"242":{"start":{"line":243,"column":0},"end":{"line":243,"column":2}},"244":{"start":{"line":245,"column":0},"end":{"line":245,"column":25}}},"s":{"0":1,"1":1,"2":1,"4":1,"5":84,"6":84,"7":84,"8":84,"9":84,"10":84,"11":84,"13":84,"14":16,"15":14,"16":14,"17":14,"18":14,"19":84,"21":84,"22":6,"24":6,"25":3,"26":3,"27":1,"28":1,"30":6,"31":3,"32":3,"33":1,"34":1,"36":6,"37":6,"38":6,"40":84,"41":46,"42":46,"43":46,"44":46,"45":46,"47":46,"48":1,"49":1,"50":1,"51":1,"52":1,"53":46,"55":84,"56":6,"58":6,"59":4,"60":4,"62":2,"64":2,"65":2,"67":1,"68":1,"69":1,"71":1,"72":1,"74":1,"75":1,"76":1,"77":6,"78":0,"79":6,"80":1,"81":1,"82":6,"84":84,"85":16,"86":1,"87":1,"88":16,"90":84,"91":1,"92":1,"93":1,"95":84,"96":2,"97":2,"99":82,"100":82,"101":82,"103":82,"104":82,"105":82,"106":82,"107":82,"108":82,"110":82,"113":82,"114":82,"115":82,"116":82,"117":84,"118":84,"119":84,"120":84,"121":84,"122":3,"123":77,"125":84,"126":84,"129":84,"130":84,"131":0,"132":0,"133":0,"137":84,"138":84,"140":84,"141":84,"142":84,"143":84,"144":84,"145":84,"146":84,"147":84,"148":84,"149":84,"150":84,"151":84,"152":4,"153":4,"154":4,"156":84,"159":84,"160":84,"162":84,"163":84,"164":84,"165":84,"166":84,"167":84,"168":84,"169":84,"170":84,"171":84,"172":84,"173":84,"174":8,"175":8,"176":8,"178":84,"181":84,"182":84,"183":84,"184":84,"185":84,"186":84,"188":84,"189":2,"190":2,"191":2,"192":2,"194":80,"196":84,"197":84,"200":84,"201":84,"202":84,"203":84,"204":84,"205":84,"206":84,"207":84,"208":84,"210":84,"211":84,"212":84,"214":84,"215":79,"216":79,"217":79,"218":79,"219":79,"220":79,"221":79,"223":79,"225":84,"228":84,"229":3,"230":3,"231":3,"232":3,"233":3,"234":3,"235":3,"236":3,"237":3,"239":84,"240":84,"242":84,"244":1},"branchMap":{"0":{"type":"branch","line":5,"loc":{"start":{"line":5,"column":18},"end":{"line":243,"column":2}},"locations":[{"start":{"line":5,"column":18},"end":{"line":243,"column":2}}]},"1":{"type":"branch","line":96,"loc":{"start":{"line":96,"column":15},"end":{"line":98,"column":3}},"locations":[{"start":{"line":96,"column":15},"end":{"line":98,"column":3}}]},"2":{"type":"branch","line":98,"loc":{"start":{"line":98,"column":2},"end":{"line":118,"column":33}},"locations":[{"start":{"line":98,"column":2},"end":{"line":118,"column":33}}]},"3":{"type":"branch","line":118,"loc":{"start":{"line":118,"column":15},"end":{"line":118,"column":101}},"locations":[{"start":{"line":118,"column":15},"end":{"line":118,"column":101}}]},"4":{"type":"branch","line":118,"loc":{"start":{"line":118,"column":51},"end":{"line":118,"column":85}},"locations":[{"start":{"line":118,"column":51},"end":{"line":118,"column":85}}]},"5":{"type":"branch","line":118,"loc":{"start":{"line":118,"column":64},"end":{"line":118,"column":101}},"locations":[{"start":{"line":118,"column":64},"end":{"line":118,"column":101}}]},"6":{"type":"branch","line":122,"loc":{"start":{"line":122,"column":13},"end":{"line":122,"column":61}},"locations":[{"start":{"line":122,"column":13},"end":{"line":122,"column":61}}]},"7":{"type":"branch","line":122,"loc":{"start":{"line":122,"column":29},"end":{"line":124,"column":64}},"locations":[{"start":{"line":122,"column":29},"end":{"line":124,"column":64}}]},"8":{"type":"branch","line":122,"loc":{"start":{"line":122,"column":79},"end":{"line":123,"column":70}},"locations":[{"start":{"line":122,"column":79},"end":{"line":123,"column":70}}]},"9":{"type":"branch","line":123,"loc":{"start":{"line":123,"column":16},"end":{"line":124,"column":64}},"locations":[{"start":{"line":123,"column":16},"end":{"line":124,"column":64}}]},"10":{"type":"branch","line":131,"loc":{"start":{"line":131,"column":18},"end":{"line":134,"column":18}},"locations":[{"start":{"line":131,"column":18},"end":{"line":134,"column":18}}]},"11":{"type":"branch","line":148,"loc":{"start":{"line":148,"column":52},"end":{"line":148,"column":84}},"locations":[{"start":{"line":148,"column":52},"end":{"line":148,"column":84}}]},"12":{"type":"branch","line":148,"loc":{"start":{"line":148,"column":71},"end":{"line":148,"column":86}},"locations":[{"start":{"line":148,"column":71},"end":{"line":148,"column":86}}]},"13":{"type":"branch","line":152,"loc":{"start":{"line":152,"column":20},"end":{"line":155,"column":21}},"locations":[{"start":{"line":152,"column":20},"end":{"line":155,"column":21}}]},"14":{"type":"branch","line":170,"loc":{"start":{"line":170,"column":52},"end":{"line":170,"column":84}},"locations":[{"start":{"line":170,"column":52},"end":{"line":170,"column":84}}]},"15":{"type":"branch","line":170,"loc":{"start":{"line":170,"column":71},"end":{"line":170,"column":86}},"locations":[{"start":{"line":170,"column":71},"end":{"line":170,"column":86}}]},"16":{"type":"branch","line":174,"loc":{"start":{"line":174,"column":20},"end":{"line":177,"column":21}},"locations":[{"start":{"line":174,"column":20},"end":{"line":177,"column":21}}]},"17":{"type":"branch","line":189,"loc":{"start":{"line":189,"column":13},"end":{"line":193,"column":21}},"locations":[{"start":{"line":189,"column":13},"end":{"line":193,"column":21}}]},"18":{"type":"branch","line":192,"loc":{"start":{"line":192,"column":35},"end":{"line":192,"column":72}},"locations":[{"start":{"line":192,"column":35},"end":{"line":192,"column":72}}]},"19":{"type":"branch","line":193,"loc":{"start":{"line":193,"column":14},"end":{"line":195,"column":73}},"locations":[{"start":{"line":193,"column":14},"end":{"line":195,"column":73}}]},"20":{"type":"branch","line":195,"loc":{"start":{"line":195,"column":32},"end":{"line":195,"column":64}},"locations":[{"start":{"line":195,"column":32},"end":{"line":195,"column":64}}]},"21":{"type":"branch","line":195,"loc":{"start":{"line":195,"column":45},"end":{"line":195,"column":73}},"locations":[{"start":{"line":195,"column":45},"end":{"line":195,"column":73}}]},"22":{"type":"branch","line":203,"loc":{"start":{"line":203,"column":31},"end":{"line":203,"column":73}},"locations":[{"start":{"line":203,"column":31},"end":{"line":203,"column":73}}]},"23":{"type":"branch","line":203,"loc":{"start":{"line":203,"column":44},"end":{"line":203,"column":98}},"locations":[{"start":{"line":203,"column":44},"end":{"line":203,"column":98}}]},"24":{"type":"branch","line":211,"loc":{"start":{"line":211,"column":33},"end":{"line":211,"column":58}},"locations":[{"start":{"line":211,"column":33},"end":{"line":211,"column":58}}]},"25":{"type":"branch","line":211,"loc":{"start":{"line":211,"column":46},"end":{"line":211,"column":75}},"locations":[{"start":{"line":211,"column":46},"end":{"line":211,"column":75}}]},"26":{"type":"branch","line":215,"loc":{"start":{"line":215,"column":29},"end":{"line":224,"column":27}},"locations":[{"start":{"line":215,"column":29},"end":{"line":224,"column":27}}]},"27":{"type":"branch","line":229,"loc":{"start":{"line":229,"column":27},"end":{"line":238,"column":16}},"locations":[{"start":{"line":229,"column":27},"end":{"line":238,"column":16}}]},"28":{"type":"branch","line":14,"loc":{"start":{"line":14,"column":12},"end":{"line":20,"column":5}},"locations":[{"start":{"line":14,"column":12},"end":{"line":20,"column":5}}]},"29":{"type":"branch","line":15,"loc":{"start":{"line":15,"column":16},"end":{"line":19,"column":5}},"locations":[{"start":{"line":15,"column":16},"end":{"line":19,"column":5}}]},"30":{"type":"branch","line":22,"loc":{"start":{"line":22,"column":23},"end":{"line":39,"column":4}},"locations":[{"start":{"line":22,"column":23},"end":{"line":39,"column":4}}]},"31":{"type":"branch","line":25,"loc":{"start":{"line":25,"column":35},"end":{"line":29,"column":5}},"locations":[{"start":{"line":25,"column":35},"end":{"line":29,"column":5}}]},"32":{"type":"branch","line":27,"loc":{"start":{"line":27,"column":52},"end":{"line":29,"column":5}},"locations":[{"start":{"line":27,"column":52},"end":{"line":29,"column":5}}]},"33":{"type":"branch","line":31,"loc":{"start":{"line":31,"column":28},"end":{"line":35,"column":5}},"locations":[{"start":{"line":31,"column":28},"end":{"line":35,"column":5}}]},"34":{"type":"branch","line":33,"loc":{"start":{"line":33,"column":45},"end":{"line":35,"column":5}},"locations":[{"start":{"line":33,"column":45},"end":{"line":35,"column":5}}]},"35":{"type":"branch","line":41,"loc":{"start":{"line":41,"column":28},"end":{"line":54,"column":4}},"locations":[{"start":{"line":41,"column":28},"end":{"line":54,"column":4}}]},"36":{"type":"branch","line":48,"loc":{"start":{"line":48,"column":22},"end":{"line":53,"column":5}},"locations":[{"start":{"line":48,"column":22},"end":{"line":53,"column":5}}]},"37":{"type":"branch","line":43,"loc":{"start":{"line":43,"column":16},"end":{"line":46,"column":6}},"locations":[{"start":{"line":43,"column":16},"end":{"line":46,"column":6}}]},"38":{"type":"branch","line":49,"loc":{"start":{"line":49,"column":16},"end":{"line":52,"column":8}},"locations":[{"start":{"line":49,"column":16},"end":{"line":52,"column":8}}]},"39":{"type":"branch","line":56,"loc":{"start":{"line":56,"column":23},"end":{"line":83,"column":4}},"locations":[{"start":{"line":56,"column":23},"end":{"line":83,"column":4}}]},"40":{"type":"branch","line":59,"loc":{"start":{"line":59,"column":25},"end":{"line":61,"column":5}},"locations":[{"start":{"line":59,"column":25},"end":{"line":61,"column":5}}]},"41":{"type":"branch","line":61,"loc":{"start":{"line":61,"column":4},"end":{"line":66,"column":62}},"locations":[{"start":{"line":61,"column":4},"end":{"line":66,"column":62}}]},"42":{"type":"branch","line":66,"loc":{"start":{"line":66,"column":60},"end":{"line":77,"column":7}},"locations":[{"start":{"line":66,"column":60},"end":{"line":77,"column":7}}]},"43":{"type":"branch","line":78,"loc":{"start":{"line":78,"column":4},"end":{"line":80,"column":6}},"locations":[{"start":{"line":78,"column":4},"end":{"line":80,"column":6}}]},"44":{"type":"branch","line":80,"loc":{"start":{"line":80,"column":4},"end":{"line":82,"column":5}},"locations":[{"start":{"line":80,"column":4},"end":{"line":82,"column":5}}]},"45":{"type":"branch","line":66,"loc":{"start":{"line":66,"column":24},"end":{"line":66,"column":60}},"locations":[{"start":{"line":66,"column":24},"end":{"line":66,"column":60}}]},"46":{"type":"branch","line":85,"loc":{"start":{"line":85,"column":29},"end":{"line":89,"column":4}},"locations":[{"start":{"line":85,"column":29},"end":{"line":89,"column":4}}]},"47":{"type":"branch","line":86,"loc":{"start":{"line":86,"column":23},"end":{"line":86,"column":49}},"locations":[{"start":{"line":86,"column":23},"end":{"line":86,"column":49}}]},"48":{"type":"branch","line":86,"loc":{"start":{"line":86,"column":49},"end":{"line":88,"column":5}},"locations":[{"start":{"line":86,"column":49},"end":{"line":88,"column":5}}]},"49":{"type":"branch","line":91,"loc":{"start":{"line":91,"column":21},"end":{"line":94,"column":4}},"locations":[{"start":{"line":91,"column":21},"end":{"line":94,"column":4}}]},"50":{"type":"branch","line":92,"loc":{"start":{"line":92,"column":49},"end":{"line":92,"column":69}},"locations":[{"start":{"line":92,"column":49},"end":{"line":92,"column":69}}]}},"b":{"0":[84],"1":[2],"2":[82],"3":[80],"4":[3],"5":[77],"6":[2],"7":[80],"8":[3],"9":[77],"10":[0],"11":[4],"12":[78],"13":[4],"14":[8],"15":[74],"16":[8],"17":[2],"18":[0],"19":[80],"20":[3],"21":[77],"22":[3],"23":[79],"24":[3],"25":[79],"26":[79],"27":[3],"28":[16],"29":[14],"30":[6],"31":[3],"32":[1],"33":[3],"34":[1],"35":[46],"36":[1],"37":[46],"38":[1],"39":[6],"40":[4],"41":[2],"42":[1],"43":[0],"44":[1],"45":[2],"46":[16],"47":[1],"48":[1],"49":[1],"50":[0]},"fnMap":{"0":{"name":"LoginPage","decl":{"start":{"line":5,"column":18},"end":{"line":243,"column":2}},"loc":{"start":{"line":5,"column":18},"end":{"line":243,"column":2}},"line":5},"1":{"name":"validateForm","decl":{"start":{"line":22,"column":23},"end":{"line":39,"column":4}},"loc":{"start":{"line":22,"column":23},"end":{"line":39,"column":4}},"line":22},"2":{"name":"handleInputChange","decl":{"start":{"line":41,"column":28},"end":{"line":54,"column":4}},"loc":{"start":{"line":41,"column":28},"end":{"line":54,"column":4}},"line":41},"3":{"name":"handleSubmit","decl":{"start":{"line":56,"column":23},"end":{"line":83,"column":4}},"loc":{"start":{"line":56,"column":23},"end":{"line":83,"column":4}},"line":56},"4":{"name":"handleOverlayClick","decl":{"start":{"line":85,"column":29},"end":{"line":89,"column":4}},"loc":{"start":{"line":85,"column":29},"end":{"line":89,"column":4}},"line":85},"5":{"name":"toggleMode","decl":{"start":{"line":91,"column":21},"end":{"line":94,"column":4}},"loc":{"start":{"line":91,"column":21},"end":{"line":94,"column":4}},"line":91}},"f":{"0":84,"1":6,"2":46,"3":6,"4":16,"5":1}}
,"/Users/orsolya.ruzsin/Documents/hackernews/src/components/Navbar.tsx": {"path":"/Users/orsolya.ruzsin/Documents/hackernews/src/components/Navbar.tsx","all":false,"statementMap":{"0":{"start":{"line":1,"column":0},"end":{"line":1,"column":33}},"1":{"start":{"line":2,"column":0},"end":{"line":2,"column":46}},"2":{"start":{"line":3,"column":0},"end":{"line":3,"column":42}},"4":{"start":{"line":5,"column":0},"end":{"line":5,"column":90}},"5":{"start":{"line":6,"column":0},"end":{"line":6,"column":54}},"7":{"start":{"line":8,"column":0},"end":{"line":8,"column":20}},"8":{"start":{"line":9,"column":0},"end":{"line":9,"column":54}},"9":{"start":{"line":10,"column":0},"end":{"line":10,"column":57}},"10":{"start":{"line":11,"column":0},"end":{"line":11,"column":49}},"11":{"start":{"line":12,"column":0},"end":{"line":12,"column":52}},"12":{"start":{"line":13,"column":0},"end":{"line":13,"column":49}},"13":{"start":{"line":14,"column":0},"end":{"line":14,"column":4}},"15":{"start":{"line":16,"column":0},"end":{"line":16,"column":36}},"16":{"start":{"line":17,"column":0},"end":{"line":17,"column":27}},"17":{"start":{"line":18,"column":0},"end":{"line":18,"column":21}},"18":{"start":{"line":19,"column":0},"end":{"line":19,"column":26}},"19":{"start":{"line":20,"column":0},"end":{"line":20,"column":5}},"20":{"start":{"line":21,"column":0},"end":{"line":21,"column":4}},"22":{"start":{"line":23,"column":0},"end":{"line":23,"column":35}},"23":{"start":{"line":24,"column":0},"end":{"line":24,"column":21}},"24":{"start":{"line":25,"column":0},"end":{"line":25,"column":45}},"25":{"start":{"line":26,"column":0},"end":{"line":26,"column":12}},"26":{"start":{"line":27,"column":0},"end":{"line":27,"column":21}},"27":{"start":{"line":28,"column":0},"end":{"line":28,"column":5}},"28":{"start":{"line":29,"column":0},"end":{"line":29,"column":4}},"30":{"start":{"line":31,"column":0},"end":{"line":31,"column":10}},"31":{"start":{"line":32,"column":0},"end":{"line":32,"column":36}},"32":{"start":{"line":33,"column":0},"end":{"line":33,"column":44}},"33":{"start":{"line":34,"column":0},"end":{"line":34,"column":41}},"34":{"start":{"line":35,"column":0},"end":{"line":35,"column":70}},"35":{"start":{"line":36,"column":0},"end":{"line":36,"column":76}},"36":{"start":{"line":37,"column":0},"end":{"line":37,"column":14}},"38":{"start":{"line":39,"column":0},"end":{"line":39,"column":42}},"39":{"start":{"line":40,"column":0},"end":{"line":40,"column":35}},"40":{"start":{"line":41,"column":0},"end":{"line":41,"column":25}},"41":{"start":{"line":42,"column":0},"end":{"line":42,"column":44}},"42":{"start":{"line":43,"column":0},"end":{"line":43,"column":27}},"43":{"start":{"line":44,"column":0},"end":{"line":44,"column":47}},"44":{"start":{"line":45,"column":0},"end":{"line":45,"column":67}},"45":{"start":{"line":46,"column":0},"end":{"line":46,"column":17}},"46":{"start":{"line":47,"column":0},"end":{"line":47,"column":50}},"47":{"start":{"line":48,"column":0},"end":{"line":48,"column":32}},"49":{"start":{"line":50,"column":0},"end":{"line":50,"column":26}},"50":{"start":{"line":51,"column":0},"end":{"line":51,"column":27}},"51":{"start":{"line":52,"column":0},"end":{"line":52,"column":13}},"53":{"start":{"line":54,"column":0},"end":{"line":54,"column":23}},"54":{"start":{"line":55,"column":0},"end":{"line":55,"column":36}},"55":{"start":{"line":56,"column":0},"end":{"line":56,"column":70}},"56":{"start":{"line":57,"column":0},"end":{"line":57,"column":39}},"57":{"start":{"line":58,"column":0},"end":{"line":58,"column":69}},"58":{"start":{"line":59,"column":0},"end":{"line":59,"column":11}},"60":{"start":{"line":61,"column":0},"end":{"line":61,"column":25}},"61":{"start":{"line":62,"column":0},"end":{"line":62,"column":14}},"63":{"start":{"line":64,"column":0},"end":{"line":64,"column":45}},"64":{"start":{"line":65,"column":0},"end":{"line":65,"column":25}},"65":{"start":{"line":66,"column":0},"end":{"line":66,"column":46}},"66":{"start":{"line":67,"column":0},"end":{"line":67,"column":86}},"67":{"start":{"line":68,"column":0},"end":{"line":68,"column":22}},"68":{"start":{"line":69,"column":0},"end":{"line":69,"column":46}},"69":{"start":{"line":70,"column":0},"end":{"line":70,"column":34}},"70":{"start":{"line":71,"column":0},"end":{"line":71,"column":30}},"71":{"start":{"line":72,"column":0},"end":{"line":72,"column":33}},"72":{"start":{"line":73,"column":0},"end":{"line":73,"column":15}},"74":{"start":{"line":75,"column":0},"end":{"line":75,"column":23}},"75":{"start":{"line":76,"column":0},"end":{"line":76,"column":18}},"77":{"start":{"line":78,"column":0},"end":{"line":78,"column":25}},"78":{"start":{"line":79,"column":0},"end":{"line":79,"column":36}},"79":{"start":{"line":80,"column":0},"end":{"line":80,"column":42}},"80":{"start":{"line":81,"column":0},"end":{"line":81,"column":30}},"81":{"start":{"line":82,"column":0},"end":{"line":82,"column":13}},"83":{"start":{"line":84,"column":0},"end":{"line":84,"column":27}},"85":{"start":{"line":86,"column":0},"end":{"line":86,"column":14}},"86":{"start":{"line":87,"column":0},"end":{"line":87,"column":12}},"87":{"start":{"line":88,"column":0},"end":{"line":88,"column":10}},"89":{"start":{"line":90,"column":0},"end":{"line":90,"column":2}},"91":{"start":{"line":92,"column":0},"end":{"line":92,"column":22}}},"s":{"0":1,"1":1,"2":1,"4":1,"5":16,"7":16,"8":16,"9":16,"10":16,"11":16,"12":16,"13":16,"15":16,"16":2,"17":2,"18":2,"19":2,"20":2,"22":16,"23":2,"24":1,"25":1,"26":1,"27":1,"28":2,"30":16,"31":16,"32":16,"33":16,"34":16,"35":16,"36":16,"38":16,"39":16,"40":80,"41":80,"42":80,"43":80,"44":80,"45":80,"46":80,"47":80,"49":80,"50":80,"51":16,"53":16,"54":16,"55":16,"56":16,"57":16,"58":16,"60":16,"61":16,"63":16,"64":16,"65":4,"66":4,"67":4,"68":4,"69":4,"70":4,"71":4,"72":4,"74":4,"75":4,"77":12,"78":12,"79":12,"80":12,"81":12,"83":12,"85":16,"86":16,"87":16,"89":16,"91":1},"branchMap":{"0":{"type":"branch","line":5,"loc":{"start":{"line":5,"column":15},"end":{"line":90,"column":2}},"locations":[{"start":{"line":5,"column":15},"end":{"line":90,"column":2}}]},"1":{"type":"branch","line":58,"loc":{"start":{"line":58,"column":19},"end":{"line":58,"column":51}},"locations":[{"start":{"line":58,"column":19},"end":{"line":58,"column":51}}]},"2":{"type":"branch","line":58,"loc":{"start":{"line":58,"column":32},"end":{"line":58,"column":69}},"locations":[{"start":{"line":58,"column":32},"end":{"line":58,"column":69}}]},"3":{"type":"branch","line":65,"loc":{"start":{"line":65,"column":11},"end":{"line":76,"column":18}},"locations":[{"start":{"line":65,"column":11},"end":{"line":76,"column":18}}]},"4":{"type":"branch","line":76,"loc":{"start":{"line":76,"column":12},"end":{"line":84,"column":27}},"locations":[{"start":{"line":76,"column":12},"end":{"line":84,"column":27}}]},"5":{"type":"branch","line":16,"loc":{"start":{"line":16,"column":25},"end":{"line":21,"column":4}},"locations":[{"start":{"line":16,"column":25},"end":{"line":21,"column":4}}]},"6":{"type":"branch","line":23,"loc":{"start":{"line":23,"column":28},"end":{"line":29,"column":4}},"locations":[{"start":{"line":23,"column":28},"end":{"line":29,"column":4}}]},"7":{"type":"branch","line":24,"loc":{"start":{"line":24,"column":20},"end":{"line":28,"column":5}},"locations":[{"start":{"line":24,"column":20},"end":{"line":28,"column":5}}]},"8":{"type":"branch","line":40,"loc":{"start":{"line":40,"column":24},"end":{"line":51,"column":27}},"locations":[{"start":{"line":40,"column":24},"end":{"line":51,"column":27}}]},"9":{"type":"branch","line":45,"loc":{"start":{"line":45,"column":36},"end":{"line":45,"column":65}},"locations":[{"start":{"line":45,"column":36},"end":{"line":45,"column":65}}]},"10":{"type":"branch","line":45,"loc":{"start":{"line":45,"column":49},"end":{"line":45,"column":67}},"locations":[{"start":{"line":45,"column":49},"end":{"line":45,"column":67}}]},"11":{"type":"branch","line":47,"loc":{"start":{"line":47,"column":23},"end":{"line":47,"column":50}},"locations":[{"start":{"line":47,"column":23},"end":{"line":47,"column":50}}]}},"b":{"0":[16],"1":[4],"2":[12],"3":[4],"4":[12],"5":[2],"6":[2],"7":[1],"8":[80],"9":[16],"10":[64],"11":[2]},"fnMap":{"0":{"name":"Navbar","decl":{"start":{"line":5,"column":15},"end":{"line":90,"column":2}},"loc":{"start":{"line":5,"column":15},"end":{"line":90,"column":2}},"line":5},"1":{"name":"handleNavClick","decl":{"start":{"line":16,"column":25},"end":{"line":21,"column":4}},"loc":{"start":{"line":16,"column":25},"end":{"line":21,"column":4}},"line":16},"2":{"name":"handleSubmitClick","decl":{"start":{"line":23,"column":28},"end":{"line":29,"column":4}},"loc":{"start":{"line":23,"column":28},"end":{"line":29,"column":4}},"line":23},"3":{"name":"onClick","decl":{"start":{"line":47,"column":23},"end":{"line":47,"column":50}},"loc":{"start":{"line":47,"column":23},"end":{"line":47,"column":50}},"line":47}},"f":{"0":16,"1":2,"2":2,"3":2}}
,"/Users/orsolya.ruzsin/Documents/hackernews/src/components/StoryCard.tsx": {"path":"/Users/orsolya.ruzsin/Documents/hackernews/src/components/StoryCard.tsx","all":false,"statementMap":{"0":{"start":{"line":1,"column":0},"end":{"line":1,"column":45}},"1":{"start":{"line":2,"column":0},"end":{"line":2,"column":46}},"3":{"start":{"line":4,"column":0},"end":{"line":4,"column":55}},"5":{"start":{"line":6,"column":0},"end":{"line":6,"column":26}},"7":{"start":{"line":8,"column":0},"end":{"line":8,"column":9}},"8":{"start":{"line":9,"column":0},"end":{"line":9,"column":10}},"9":{"start":{"line":10,"column":0},"end":{"line":10,"column":8}},"10":{"start":{"line":11,"column":0},"end":{"line":11,"column":15}},"11":{"start":{"line":12,"column":0},"end":{"line":12,"column":9}},"12":{"start":{"line":13,"column":0},"end":{"line":13,"column":10}},"13":{"start":{"line":14,"column":0},"end":{"line":14,"column":34}},"14":{"start":{"line":15,"column":0},"end":{"line":15,"column":6}},"15":{"start":{"line":16,"column":0},"end":{"line":16,"column":12}},"17":{"start":{"line":18,"column":0},"end":{"line":18,"column":37}},"18":{"start":{"line":19,"column":0},"end":{"line":19,"column":51}},"19":{"start":{"line":20,"column":0},"end":{"line":20,"column":34}},"20":{"start":{"line":21,"column":0},"end":{"line":21,"column":56}},"22":{"start":{"line":23,"column":0},"end":{"line":23,"column":26}},"23":{"start":{"line":24,"column":0},"end":{"line":24,"column":59}},"24":{"start":{"line":25,"column":0},"end":{"line":25,"column":33}},"25":{"start":{"line":26,"column":0},"end":{"line":26,"column":51}},"26":{"start":{"line":27,"column":0},"end":{"line":27,"column":5}},"27":{"start":{"line":28,"column":0},"end":{"line":28,"column":32}},"28":{"start":{"line":29,"column":0},"end":{"line":29,"column":52}},"29":{"start":{"line":30,"column":0},"end":{"line":30,"column":12}},"30":{"start":{"line":31,"column":0},"end":{"line":31,"column":56}},"31":{"start":{"line":32,"column":0},"end":{"line":32,"column":5}},"32":{"start":{"line":33,"column":0},"end":{"line":33,"column":4}},"34":{"start":{"line":35,"column":0},"end":{"line":35,"column":30}},"35":{"start":{"line":36,"column":0},"end":{"line":36,"column":44}},"36":{"start":{"line":37,"column":0},"end":{"line":37,"column":9}},"37":{"start":{"line":38,"column":0},"end":{"line":38,"column":55}},"38":{"start":{"line":39,"column":0},"end":{"line":39,"column":13}},"39":{"start":{"line":40,"column":0},"end":{"line":40,"column":36}},"40":{"start":{"line":41,"column":0},"end":{"line":41,"column":5}},"41":{"start":{"line":42,"column":0},"end":{"line":42,"column":4}},"43":{"start":{"line":44,"column":0},"end":{"line":44,"column":78}},"45":{"start":{"line":46,"column":0},"end":{"line":46,"column":33}},"46":{"start":{"line":47,"column":0},"end":{"line":47,"column":23}},"47":{"start":{"line":48,"column":0},"end":{"line":48,"column":55}},"48":{"start":{"line":49,"column":0},"end":{"line":49,"column":5}},"49":{"start":{"line":50,"column":0},"end":{"line":50,"column":4}},"51":{"start":{"line":52,"column":0},"end":{"line":52,"column":10}},"52":{"start":{"line":53,"column":0},"end":{"line":53,"column":43}},"53":{"start":{"line":54,"column":0},"end":{"line":54,"column":44}},"54":{"start":{"line":55,"column":0},"end":{"line":55,"column":62}},"55":{"start":{"line":56,"column":0},"end":{"line":56,"column":18}},"56":{"start":{"line":57,"column":0},"end":{"line":57,"column":15}},"57":{"start":{"line":58,"column":0},"end":{"line":58,"column":25}},"58":{"start":{"line":59,"column":0},"end":{"line":59,"column":30}},"59":{"start":{"line":60,"column":0},"end":{"line":60,"column":39}},"60":{"start":{"line":61,"column":0},"end":{"line":61,"column":43}},"62":{"start":{"line":63,"column":0},"end":{"line":63,"column":21}},"63":{"start":{"line":64,"column":0},"end":{"line":64,"column":16}},"65":{"start":{"line":66,"column":0},"end":{"line":66,"column":15}},"66":{"start":{"line":67,"column":0},"end":{"line":67,"column":40}},"67":{"start":{"line":68,"column":0},"end":{"line":68,"column":30}},"68":{"start":{"line":69,"column":0},"end":{"line":69,"column":39}},"69":{"start":{"line":70,"column":0},"end":{"line":70,"column":43}},"71":{"start":{"line":72,"column":0},"end":{"line":72,"column":21}},"72":{"start":{"line":73,"column":0},"end":{"line":73,"column":16}},"74":{"start":{"line":75,"column":0},"end":{"line":75,"column":13}},"76":{"start":{"line":77,"column":0},"end":{"line":77,"column":61}},"77":{"start":{"line":78,"column":0},"end":{"line":78,"column":24}},"78":{"start":{"line":79,"column":0},"end":{"line":79,"column":30}},"79":{"start":{"line":80,"column":0},"end":{"line":80,"column":43}},"80":{"start":{"line":81,"column":0},"end":{"line":81,"column":26}},"81":{"start":{"line":82,"column":0},"end":{"line":82,"column":37}},"82":{"start":{"line":83,"column":0},"end":{"line":83,"column":11}},"83":{"start":{"line":84,"column":0},"end":{"line":84,"column":26}},"84":{"start":{"line":85,"column":0},"end":{"line":85,"column":25}},"86":{"start":{"line":87,"column":0},"end":{"line":87,"column":68}},"87":{"start":{"line":88,"column":0},"end":{"line":88,"column":40}},"88":{"start":{"line":89,"column":0},"end":{"line":89,"column":17}},"90":{"start":{"line":91,"column":0},"end":{"line":91,"column":64}},"91":{"start":{"line":92,"column":0},"end":{"line":92,"column":30}},"92":{"start":{"line":93,"column":0},"end":{"line":93,"column":17}},"94":{"start":{"line":95,"column":0},"end":{"line":95,"column":68}},"95":{"start":{"line":96,"column":0},"end":{"line":96,"column":30}},"96":{"start":{"line":97,"column":0},"end":{"line":97,"column":17}},"97":{"start":{"line":98,"column":0},"end":{"line":98,"column":14}},"99":{"start":{"line":100,"column":0},"end":{"line":100,"column":67}},"100":{"start":{"line":101,"column":0},"end":{"line":101,"column":13}},"101":{"start":{"line":102,"column":0},"end":{"line":102,"column":38}},"102":{"start":{"line":103,"column":0},"end":{"line":103,"column":28}},"103":{"start":{"line":104,"column":0},"end":{"line":104,"column":37}},"104":{"start":{"line":105,"column":0},"end":{"line":105,"column":45}},"105":{"start":{"line":106,"column":0},"end":{"line":106,"column":33}},"106":{"start":{"line":107,"column":0},"end":{"line":107,"column":11}},"107":{"start":{"line":108,"column":0},"end":{"line":108,"column":38}},"108":{"start":{"line":109,"column":0},"end":{"line":109,"column":14}},"109":{"start":{"line":110,"column":0},"end":{"line":110,"column":14}},"110":{"start":{"line":111,"column":0},"end":{"line":111,"column":12}},"111":{"start":{"line":112,"column":0},"end":{"line":112,"column":14}},"113":{"start":{"line":114,"column":0},"end":{"line":114,"column":2}}},"s":{"0":1,"1":1,"3":1,"5":6,"7":5,"8":5,"9":5,"10":5,"11":5,"12":5,"13":5,"14":5,"15":5,"17":5,"18":5,"19":5,"20":5,"22":5,"23":0,"24":5,"25":0,"26":0,"27":5,"28":0,"29":5,"30":5,"31":5,"32":5,"34":5,"35":5,"36":4,"37":4,"38":5,"39":0,"40":0,"41":5,"43":5,"45":5,"46":0,"47":0,"48":0,"49":0,"51":5,"52":5,"53":5,"54":5,"55":5,"56":4,"57":4,"58":4,"59":4,"60":4,"62":4,"63":4,"65":1,"66":1,"67":1,"68":1,"69":1,"71":1,"72":1,"74":6,"76":6,"77":6,"78":6,"79":6,"80":6,"81":6,"82":6,"83":6,"84":6,"86":6,"87":6,"88":6,"90":6,"91":6,"92":6,"94":6,"95":6,"96":6,"97":6,"99":6,"100":6,"101":6,"102":6,"103":6,"104":6,"105":6,"106":6,"107":6,"108":6,"109":6,"110":6,"111":6,"113":6},"branchMap":{"0":{"type":"branch","line":4,"loc":{"start":{"line":4,"column":25},"end":{"line":114,"column":2}},"locations":[{"start":{"line":4,"column":25},"end":{"line":114,"column":2}}]},"1":{"type":"branch","line":6,"loc":{"start":{"line":6,"column":14},"end":{"line":6,"column":26}},"locations":[{"start":{"line":6,"column":14},"end":{"line":6,"column":26}}]},"2":{"type":"branch","line":6,"loc":{"start":{"line":6,"column":21},"end":{"line":56,"column":18}},"locations":[{"start":{"line":6,"column":21},"end":{"line":56,"column":18}}]},"3":{"type":"branch","line":56,"loc":{"start":{"line":56,"column":11},"end":{"line":64,"column":16}},"locations":[{"start":{"line":56,"column":11},"end":{"line":64,"column":16}}]},"4":{"type":"branch","line":64,"loc":{"start":{"line":64,"column":12},"end":{"line":73,"column":16}},"locations":[{"start":{"line":64,"column":12},"end":{"line":73,"column":16}}]},"5":{"type":"branch","line":84,"loc":{"start":{"line":84,"column":15},"end":{"line":84,"column":26}},"locations":[{"start":{"line":84,"column":15},"end":{"line":84,"column":26}}]},"6":{"type":"branch","line":18,"loc":{"start":{"line":18,"column":21},"end":{"line":33,"column":4}},"locations":[{"start":{"line":18,"column":21},"end":{"line":33,"column":4}}]},"7":{"type":"branch","line":23,"loc":{"start":{"line":23,"column":25},"end":{"line":25,"column":15}},"locations":[{"start":{"line":23,"column":25},"end":{"line":25,"column":15}}]},"8":{"type":"branch","line":25,"loc":{"start":{"line":25,"column":32},"end":{"line":27,"column":5}},"locations":[{"start":{"line":25,"column":32},"end":{"line":27,"column":5}}]},"9":{"type":"branch","line":28,"loc":{"start":{"line":28,"column":31},"end":{"line":30,"column":11}},"locations":[{"start":{"line":28,"column":31},"end":{"line":30,"column":11}}]},"10":{"type":"branch","line":35,"loc":{"start":{"line":35,"column":20},"end":{"line":42,"column":4}},"locations":[{"start":{"line":35,"column":20},"end":{"line":42,"column":4}}]},"11":{"type":"branch","line":36,"loc":{"start":{"line":36,"column":14},"end":{"line":36,"column":44}},"locations":[{"start":{"line":36,"column":14},"end":{"line":36,"column":44}}]},"12":{"type":"branch","line":36,"loc":{"start":{"line":36,"column":21},"end":{"line":39,"column":12}},"locations":[{"start":{"line":36,"column":21},"end":{"line":39,"column":12}}]},"13":{"type":"branch","line":39,"loc":{"start":{"line":39,"column":4},"end":{"line":41,"column":5}},"locations":[{"start":{"line":39,"column":4},"end":{"line":41,"column":5}}]},"14":{"type":"branch","line":44,"loc":{"start":{"line":44,"column":27},"end":{"line":44,"column":78}},"locations":[{"start":{"line":44,"column":27},"end":{"line":44,"column":78}}]}},"b":{"0":[6],"1":[1],"2":[5],"3":[4],"4":[1],"5":[0],"6":[5],"7":[0],"8":[0],"9":[0],"10":[5],"11":[1],"12":[4],"13":[0],"14":[6]},"fnMap":{"0":{"name":"StoryCard","decl":{"start":{"line":4,"column":25},"end":{"line":114,"column":2}},"loc":{"start":{"line":4,"column":25},"end":{"line":114,"column":2}},"line":4},"1":{"name":"formatTime","decl":{"start":{"line":18,"column":21},"end":{"line":33,"column":4}},"loc":{"start":{"line":18,"column":21},"end":{"line":33,"column":4}},"line":18},"2":{"name":"getDomain","decl":{"start":{"line":35,"column":20},"end":{"line":42,"column":4}},"loc":{"start":{"line":35,"column":20},"end":{"line":42,"column":4}},"line":35},"3":{"name":"getHackerNewsUrl","decl":{"start":{"line":44,"column":27},"end":{"line":44,"column":78}},"loc":{"start":{"line":44,"column":27},"end":{"line":44,"column":78}},"line":44},"4":{"name":"handleVoteClick","decl":{"start":{"line":46,"column":26},"end":{"line":50,"column":4}},"loc":{"start":{"line":46,"column":26},"end":{"line":50,"column":4}},"line":46}},"f":{"0":6,"1":5,"2":5,"3":6,"4":0}}
,"/Users/orsolya.ruzsin/Documents/hackernews/src/components/StoryList.tsx": {"path":"/Users/orsolya.ruzsin/Documents/hackernews/src/components/StoryList.tsx","all":true,"statementMap":{"0":{"start":{"line":1,"column":0},"end":{"line":1,"column":55}},"1":{"start":{"line":2,"column":0},"end":{"line":2,"column":40}},"2":{"start":{"line":3,"column":0},"end":{"line":3,"column":46}},"3":{"start":{"line":4,"column":0},"end":{"line":4,"column":45}},"15":{"start":{"line":16,"column":0},"end":{"line":16,"column":28}},"16":{"start":{"line":17,"column":0},"end":{"line":17,"column":11}},"17":{"start":{"line":18,"column":0},"end":{"line":18,"column":11}},"18":{"start":{"line":19,"column":0},"end":{"line":19,"column":9}},"19":{"start":{"line":20,"column":0},"end":{"line":20,"column":11}},"20":{"start":{"line":21,"column":0},"end":{"line":21,"column":14}},"21":{"start":{"line":22,"column":0},"end":{"line":22,"column":12}},"22":{"start":{"line":23,"column":0},"end":{"line":23,"column":15}},"23":{"start":{"line":24,"column":0},"end":{"line":24,"column":7}},"24":{"start":{"line":25,"column":0},"end":{"line":25,"column":40}},"25":{"start":{"line":26,"column":0},"end":{"line":26,"column":40}},"28":{"start":{"line":29,"column":0},"end":{"line":29,"column":53}},"29":{"start":{"line":30,"column":0},"end":{"line":30,"column":24}},"30":{"start":{"line":31,"column":0},"end":{"line":31,"column":86}},"31":{"start":{"line":32,"column":0},"end":{"line":32,"column":39}},"32":{"start":{"line":33,"column":0},"end":{"line":33,"column":5}},"34":{"start":{"line":35,"column":0},"end":{"line":35,"column":65}},"35":{"start":{"line":36,"column":0},"end":{"line":36,"column":61}},"36":{"start":{"line":37,"column":0},"end":{"line":37,"column":21}},"37":{"start":{"line":38,"column":0},"end":{"line":38,"column":7}},"38":{"start":{"line":39,"column":0},"end":{"line":39,"column":8}},"39":{"start":{"line":40,"column":0},"end":{"line":40,"column":21}},"40":{"start":{"line":41,"column":0},"end":{"line":41,"column":25}},"41":{"start":{"line":42,"column":0},"end":{"line":42,"column":7}},"43":{"start":{"line":44,"column":0},"end":{"line":44,"column":48}},"44":{"start":{"line":45,"column":0},"end":{"line":45,"column":37}},"47":{"start":{"line":48,"column":0},"end":{"line":48,"column":19}},"48":{"start":{"line":49,"column":0},"end":{"line":49,"column":18}},"49":{"start":{"line":50,"column":0},"end":{"line":50,"column":88}},"50":{"start":{"line":51,"column":0},"end":{"line":51,"column":41}},"51":{"start":{"line":52,"column":0},"end":{"line":52,"column":7}},"52":{"start":{"line":53,"column":0},"end":{"line":53,"column":6}},"53":{"start":{"line":54,"column":0},"end":{"line":54,"column":9}},"56":{"start":{"line":57,"column":0},"end":{"line":57,"column":38}},"57":{"start":{"line":58,"column":0},"end":{"line":58,"column":12}},"58":{"start":{"line":59,"column":0},"end":{"line":59,"column":47}},"59":{"start":{"line":60,"column":0},"end":{"line":60,"column":46}},"60":{"start":{"line":61,"column":0},"end":{"line":61,"column":48}},"61":{"start":{"line":62,"column":0},"end":{"line":62,"column":24}},"62":{"start":{"line":63,"column":0},"end":{"line":63,"column":44}},"64":{"start":{"line":65,"column":0},"end":{"line":65,"column":25}},"65":{"start":{"line":66,"column":0},"end":{"line":66,"column":14}},"66":{"start":{"line":67,"column":0},"end":{"line":67,"column":12}},"68":{"start":{"line":69,"column":0},"end":{"line":69,"column":3}},"71":{"start":{"line":72,"column":0},"end":{"line":72,"column":41}},"72":{"start":{"line":73,"column":0},"end":{"line":73,"column":12}},"73":{"start":{"line":74,"column":0},"end":{"line":74,"column":46}},"74":{"start":{"line":75,"column":0},"end":{"line":75,"column":36}},"75":{"start":{"line":76,"column":0},"end":{"line":76,"column":59}},"76":{"start":{"line":77,"column":0},"end":{"line":77,"column":42}},"78":{"start":{"line":79,"column":0},"end":{"line":79,"column":23}},"79":{"start":{"line":80,"column":0},"end":{"line":80,"column":12}},"81":{"start":{"line":82,"column":0},"end":{"line":82,"column":3}},"83":{"start":{"line":84,"column":0},"end":{"line":84,"column":10}},"84":{"start":{"line":85,"column":0},"end":{"line":85,"column":39}},"86":{"start":{"line":87,"column":0},"end":{"line":87,"column":47}},"87":{"start":{"line":88,"column":0},"end":{"line":88,"column":95}},"89":{"start":{"line":90,"column":0},"end":{"line":90,"column":23}},"90":{"start":{"line":91,"column":0},"end":{"line":91,"column":12}},"93":{"start":{"line":94,"column":0},"end":{"line":94,"column":48}},"94":{"start":{"line":95,"column":0},"end":{"line":95,"column":40}},"96":{"start":{"line":97,"column":0},"end":{"line":97,"column":61}},"98":{"start":{"line":99,"column":0},"end":{"line":99,"column":18}},"99":{"start":{"line":100,"column":0},"end":{"line":100,"column":45}},"100":{"start":{"line":101,"column":0},"end":{"line":101,"column":28}},"101":{"start":{"line":102,"column":0},"end":{"line":102,"column":62}},"102":{"start":{"line":103,"column":0},"end":{"line":103,"column":43}},"104":{"start":{"line":105,"column":0},"end":{"line":105,"column":69}},"105":{"start":{"line":106,"column":0},"end":{"line":106,"column":18}},"107":{"start":{"line":108,"column":0},"end":{"line":108,"column":11}},"108":{"start":{"line":109,"column":0},"end":{"line":109,"column":12}},"111":{"start":{"line":112,"column":0},"end":{"line":112,"column":19}},"112":{"start":{"line":113,"column":0},"end":{"line":113,"column":50}},"113":{"start":{"line":114,"column":0},"end":{"line":114,"column":56}},"114":{"start":{"line":115,"column":0},"end":{"line":115,"column":35}},"115":{"start":{"line":116,"column":0},"end":{"line":116,"column":14}},"119":{"start":{"line":120,"column":0},"end":{"line":120,"column":31}},"120":{"start":{"line":121,"column":0},"end":{"line":121,"column":51}},"121":{"start":{"line":122,"column":0},"end":{"line":122,"column":24}},"122":{"start":{"line":123,"column":0},"end":{"line":123,"column":29}},"123":{"start":{"line":124,"column":0},"end":{"line":124,"column":32}},"124":{"start":{"line":125,"column":0},"end":{"line":125,"column":11}},"126":{"start":{"line":127,"column":0},"end":{"line":127,"column":25}},"127":{"start":{"line":128,"column":0},"end":{"line":128,"column":14}},"131":{"start":{"line":132,"column":0},"end":{"line":132,"column":54}},"132":{"start":{"line":133,"column":0},"end":{"line":133,"column":46}},"133":{"start":{"line":134,"column":0},"end":{"line":134,"column":43}},"134":{"start":{"line":135,"column":0},"end":{"line":135,"column":14}},"138":{"start":{"line":139,"column":0},"end":{"line":139,"column":39}},"139":{"start":{"line":140,"column":0},"end":{"line":140,"column":43}},"140":{"start":{"line":141,"column":0},"end":{"line":141,"column":53}},"141":{"start":{"line":142,"column":0},"end":{"line":142,"column":45}},"143":{"start":{"line":144,"column":0},"end":{"line":144,"column":25}},"144":{"start":{"line":145,"column":0},"end":{"line":145,"column":14}},"146":{"start":{"line":147,"column":0},"end":{"line":147,"column":10}},"148":{"start":{"line":149,"column":0},"end":{"line":149,"column":2}}},"s":{"0":0,"1":0,"2":0,"3":0,"15":0,"16":0,"17":0,"18":0,"19":0,"20":0,"21":0,"22":0,"23":0,"24":0,"25":0,"28":0,"29":0,"30":0,"31":0,"32":0,"34":0,"35":0,"36":0,"37":0,"38":0,"39":0,"40":0,"41":0,"43":0,"44":0,"47":0,"48":0,"49":0,"50":0,"51":0,"52":0,"53":0,"56":0,"57":0,"58":0,"59":0,"60":0,"61":0,"62":0,"64":0,"65":0,"66":0,"68":0,"71":0,"72":0,"73":0,"74":0,"75":0,"76":0,"78":0,"79":0,"81":0,"83":0,"84":0,"86":0,"87":0,"89":0,"90":0,"93":0,"94":0,"96":0,"98":0,"99":0,"100":0,"101":0,"102":0,"104":0,"105":0,"107":0,"108":0,"111":0,"112":0,"113":0,"114":0,"115":0,"119":0,"120":0,"121":0,"122":0,"123":0,"124":0,"126":0,"127":0,"131":0,"132":0,"133":0,"134":0,"138":0,"139":0,"140":0,"141":0,"143":0,"144":0,"146":0,"148":0},"branchMap":{"0":{"type":"branch","line":1,"loc":{"start":{"line":1,"column":4295},"end":{"line":149,"column":2}},"locations":[{"start":{"line":1,"column":4295},"end":{"line":149,"column":2}}]}},"b":{"0":[0]},"fnMap":{"0":{"name":"(empty-report)","decl":{"start":{"line":1,"column":4295},"end":{"line":149,"column":2}},"loc":{"start":{"line":1,"column":4295},"end":{"line":149,"column":2}},"line":1}},"f":{"0":0}}
,"/Users/orsolya.ruzsin/Documents/hackernews/src/hooks/useStories.ts": {"path":"/Users/orsolya.ruzsin/Documents/hackernews/src/hooks/useStories.ts","all":true,"statementMap":{"0":{"start":{"line":1,"column":0},"end":{"line":1,"column":57}},"1":{"start":{"line":2,"column":0},"end":{"line":2,"column":58}},"3":{"start":{"line":4,"column":0},"end":{"line":4,"column":65}},"4":{"start":{"line":5,"column":0},"end":{"line":5,"column":52}},"5":{"start":{"line":6,"column":0},"end":{"line":6,"column":48}},"6":{"start":{"line":7,"column":0},"end":{"line":7,"column":43}},"7":{"start":{"line":8,"column":0},"end":{"line":8,"column":47}},"8":{"start":{"line":9,"column":0},"end":{"line":9,"column":52}},"10":{"start":{"line":11,"column":0},"end":{"line":11,"column":19}},"11":{"start":{"line":12,"column":0},"end":{"line":12,"column":19}},"12":{"start":{"line":13,"column":0},"end":{"line":13,"column":22}},"13":{"start":{"line":14,"column":0},"end":{"line":14,"column":21}},"14":{"start":{"line":15,"column":0},"end":{"line":15,"column":19}},"15":{"start":{"line":16,"column":0},"end":{"line":16,"column":18}},"17":{"start":{"line":18,"column":0},"end":{"line":18,"column":71}},"18":{"start":{"line":19,"column":0},"end":{"line":19,"column":21}},"19":{"start":{"line":20,"column":0},"end":{"line":20,"column":19}},"21":{"start":{"line":22,"column":0},"end":{"line":22,"column":9}},"22":{"start":{"line":23,"column":0},"end":{"line":23,"column":88}},"24":{"start":{"line":25,"column":0},"end":{"line":25,"column":32}},"25":{"start":{"line":26,"column":0},"end":{"line":26,"column":69}},"26":{"start":{"line":27,"column":0},"end":{"line":27,"column":8}},"27":{"start":{"line":28,"column":0},"end":{"line":28,"column":33}},"28":{"start":{"line":29,"column":0},"end":{"line":29,"column":27}},"29":{"start":{"line":30,"column":0},"end":{"line":30,"column":24}},"30":{"start":{"line":31,"column":0},"end":{"line":31,"column":28}},"31":{"start":{"line":32,"column":0},"end":{"line":32,"column":15}},"32":{"start":{"line":33,"column":0},"end":{"line":33,"column":24}},"33":{"start":{"line":34,"column":0},"end":{"line":34,"column":5}},"34":{"start":{"line":35,"column":0},"end":{"line":35,"column":28}},"36":{"start":{"line":37,"column":0},"end":{"line":37,"column":19}},"37":{"start":{"line":38,"column":0},"end":{"line":38,"column":26}},"38":{"start":{"line":39,"column":0},"end":{"line":39,"column":20}},"40":{"start":{"line":41,"column":0},"end":{"line":41,"column":38}},"41":{"start":{"line":42,"column":0},"end":{"line":42,"column":30}},"42":{"start":{"line":43,"column":0},"end":{"line":43,"column":41}},"43":{"start":{"line":44,"column":0},"end":{"line":44,"column":5}},"44":{"start":{"line":45,"column":0},"end":{"line":45,"column":51}},"46":{"start":{"line":47,"column":0},"end":{"line":47,"column":37}},"47":{"start":{"line":48,"column":0},"end":{"line":48,"column":19}},"48":{"start":{"line":49,"column":0},"end":{"line":49,"column":22}},"49":{"start":{"line":50,"column":0},"end":{"line":50,"column":21}},"50":{"start":{"line":51,"column":0},"end":{"line":51,"column":26}},"51":{"start":{"line":52,"column":0},"end":{"line":52,"column":20}},"53":{"start":{"line":54,"column":0},"end":{"line":54,"column":10}},"54":{"start":{"line":55,"column":0},"end":{"line":55,"column":12}},"55":{"start":{"line":56,"column":0},"end":{"line":56,"column":12}},"56":{"start":{"line":57,"column":0},"end":{"line":57,"column":10}},"57":{"start":{"line":58,"column":0},"end":{"line":58,"column":12}},"58":{"start":{"line":59,"column":0},"end":{"line":59,"column":13}},"59":{"start":{"line":60,"column":0},"end":{"line":60,"column":12}},"60":{"start":{"line":61,"column":0},"end":{"line":61,"column":4}},"61":{"start":{"line":62,"column":0},"end":{"line":62,"column":2}}},"s":{"0":0,"1":0,"3":0,"4":0,"5":0,"6":0,"7":0,"8":0,"10":0,"11":0,"12":0,"13":0,"14":0,"15":0,"17":0,"18":0,"19":0,"21":0,"22":0,"24":0,"25":0,"26":0,"27":0,"28":0,"29":0,"30":0,"31":0,"32":0,"33":0,"34":0,"36":0,"37":0,"38":0,"40":0,"41":0,"42":0,"43":0,"44":0,"46":0,"47":0,"48":0,"49":0,"50":0,"51":0,"53":0,"54":0,"55":0,"56":0,"57":0,"58":0,"59":0,"60":0,"61":0},"branchMap":{"0":{"type":"branch","line":1,"loc":{"start":{"line":1,"column":1570},"end":{"line":62,"column":2}},"locations":[{"start":{"line":1,"column":1570},"end":{"line":62,"column":2}}]}},"b":{"0":[0]},"fnMap":{"0":{"name":"(empty-report)","decl":{"start":{"line":1,"column":1570},"end":{"line":62,"column":2}},"loc":{"start":{"line":1,"column":1570},"end":{"line":62,"column":2}},"line":1}},"f":{"0":0}}
,"/Users/orsolya.ruzsin/Documents/hackernews/src/services/hackerNewsApi.ts": {"path":"/Users/orsolya.ruzsin/Documents/hackernews/src/services/hackerNewsApi.ts","all":false,"statementMap":{"0":{"start":{"line":1,"column":0},"end":{"line":1,"column":26}},"2":{"start":{"line":3,"column":0},"end":{"line":3,"column":57}},"4":{"start":{"line":5,"column":0},"end":{"line":5,"column":26}},"5":{"start":{"line":6,"column":0},"end":{"line":6,"column":20}},"6":{"start":{"line":7,"column":0},"end":{"line":7,"column":17}},"7":{"start":{"line":8,"column":0},"end":{"line":8,"column":3}},"9":{"start":{"line":10,"column":0},"end":{"line":10,"column":28}},"10":{"start":{"line":11,"column":0},"end":{"line":11,"column":32}},"11":{"start":{"line":12,"column":0},"end":{"line":12,"column":9}},"12":{"start":{"line":13,"column":0},"end":{"line":13,"column":57}},"13":{"start":{"line":14,"column":0},"end":{"line":14,"column":27}},"14":{"start":{"line":15,"column":0},"end":{"line":15,"column":26}},"15":{"start":{"line":16,"column":0},"end":{"line":16,"column":71}},"16":{"start":{"line":17,"column":0},"end":{"line":17,"column":5}},"17":{"start":{"line":18,"column":0},"end":{"line":18,"column":3}},"19":{"start":{"line":20,"column":0},"end":{"line":20,"column":32}},"20":{"start":{"line":21,"column":0},"end":{"line":21,"column":9}},"21":{"start":{"line":22,"column":0},"end":{"line":22,"column":57}},"22":{"start":{"line":23,"column":0},"end":{"line":23,"column":27}},"23":{"start":{"line":24,"column":0},"end":{"line":24,"column":26}},"24":{"start":{"line":25,"column":0},"end":{"line":25,"column":71}},"25":{"start":{"line":26,"column":0},"end":{"line":26,"column":5}},"26":{"start":{"line":27,"column":0},"end":{"line":27,"column":3}},"28":{"start":{"line":29,"column":0},"end":{"line":29,"column":29}},"29":{"start":{"line":30,"column":0},"end":{"line":30,"column":9}},"30":{"start":{"line":31,"column":0},"end":{"line":31,"column":57}},"31":{"start":{"line":32,"column":0},"end":{"line":32,"column":27}},"32":{"start":{"line":33,"column":0},"end":{"line":33,"column":26}},"33":{"start":{"line":34,"column":0},"end":{"line":34,"column":71}},"34":{"start":{"line":35,"column":0},"end":{"line":35,"column":5}},"35":{"start":{"line":36,"column":0},"end":{"line":36,"column":3}},"37":{"start":{"line":38,"column":0},"end":{"line":38,"column":32}},"38":{"start":{"line":39,"column":0},"end":{"line":39,"column":9}},"39":{"start":{"line":40,"column":0},"end":{"line":40,"column":61}},"40":{"start":{"line":41,"column":0},"end":{"line":41,"column":55}},"41":{"start":{"line":42,"column":0},"end":{"line":42,"column":53}},"42":{"start":{"line":43,"column":0},"end":{"line":43,"column":26}},"43":{"start":{"line":44,"column":0},"end":{"line":44,"column":67}},"44":{"start":{"line":45,"column":0},"end":{"line":45,"column":5}},"45":{"start":{"line":46,"column":0},"end":{"line":46,"column":3}},"47":{"start":{"line":48,"column":0},"end":{"line":48,"column":72}},"48":{"start":{"line":49,"column":0},"end":{"line":49,"column":9}},"50":{"start":{"line":51,"column":0},"end":{"line":51,"column":19}},"51":{"start":{"line":52,"column":0},"end":{"line":52,"column":27}},"52":{"start":{"line":53,"column":0},"end":{"line":53,"column":46}},"53":{"start":{"line":54,"column":0},"end":{"line":54,"column":34}},"54":{"start":{"line":55,"column":0},"end":{"line":55,"column":46}},"55":{"start":{"line":56,"column":0},"end":{"line":56,"column":34}},"56":{"start":{"line":57,"column":0},"end":{"line":57,"column":46}},"57":{"start":{"line":58,"column":0},"end":{"line":58,"column":35}},"58":{"start":{"line":59,"column":0},"end":{"line":59,"column":47}},"59":{"start":{"line":60,"column":0},"end":{"line":60,"column":35}},"60":{"start":{"line":61,"column":0},"end":{"line":61,"column":40}},"61":{"start":{"line":62,"column":0},"end":{"line":62,"column":14}},"62":{"start":{"line":63,"column":0},"end":{"line":63,"column":55}},"63":{"start":{"line":64,"column":0},"end":{"line":64,"column":7}},"65":{"start":{"line":66,"column":0},"end":{"line":66,"column":38}},"66":{"start":{"line":67,"column":0},"end":{"line":67,"column":42}},"67":{"start":{"line":68,"column":0},"end":{"line":68,"column":59}},"69":{"start":{"line":70,"column":0},"end":{"line":70,"column":53}},"71":{"start":{"line":72,"column":0},"end":{"line":72,"column":14}},"72":{"start":{"line":73,"column":0},"end":{"line":73,"column":16}},"73":{"start":{"line":74,"column":0},"end":{"line":74,"column":44}},"74":{"start":{"line":75,"column":0},"end":{"line":75,"column":30}},"75":{"start":{"line":76,"column":0},"end":{"line":76,"column":8}},"76":{"start":{"line":77,"column":0},"end":{"line":77,"column":26}},"77":{"start":{"line":78,"column":0},"end":{"line":78,"column":77}},"78":{"start":{"line":79,"column":0},"end":{"line":79,"column":5}},"79":{"start":{"line":80,"column":0},"end":{"line":80,"column":3}},"81":{"start":{"line":82,"column":0},"end":{"line":82,"column":37}},"82":{"start":{"line":83,"column":0},"end":{"line":83,"column":9}},"83":{"start":{"line":84,"column":0},"end":{"line":84,"column":49}},"84":{"start":{"line":85,"column":0},"end":{"line":85,"column":61}},"85":{"start":{"line":86,"column":0},"end":{"line":86,"column":18}},"86":{"start":{"line":87,"column":0},"end":{"line":87,"column":7}},"88":{"start":{"line":89,"column":0},"end":{"line":89,"column":84}},"89":{"start":{"line":90,"column":0},"end":{"line":90,"column":58}},"91":{"start":{"line":92,"column":0},"end":{"line":92,"column":79}},"92":{"start":{"line":93,"column":0},"end":{"line":93,"column":26}},"93":{"start":{"line":94,"column":0},"end":{"line":94,"column":89}},"94":{"start":{"line":95,"column":0},"end":{"line":95,"column":5}},"95":{"start":{"line":96,"column":0},"end":{"line":96,"column":3}},"97":{"start":{"line":98,"column":0},"end":{"line":98,"column":68}},"98":{"start":{"line":99,"column":0},"end":{"line":99,"column":9}},"99":{"start":{"line":100,"column":0},"end":{"line":100,"column":49}},"100":{"start":{"line":101,"column":0},"end":{"line":101,"column":61}},"101":{"start":{"line":102,"column":0},"end":{"line":102,"column":58}},"102":{"start":{"line":103,"column":0},"end":{"line":103,"column":7}},"104":{"start":{"line":105,"column":0},"end":{"line":105,"column":36}},"105":{"start":{"line":106,"column":0},"end":{"line":106,"column":38}},"106":{"start":{"line":107,"column":0},"end":{"line":107,"column":42}},"107":{"start":{"line":108,"column":0},"end":{"line":108,"column":68}},"109":{"start":{"line":110,"column":0},"end":{"line":110,"column":88}},"110":{"start":{"line":111,"column":0},"end":{"line":111,"column":58}},"112":{"start":{"line":113,"column":0},"end":{"line":113,"column":94}},"114":{"start":{"line":115,"column":0},"end":{"line":115,"column":14}},"115":{"start":{"line":116,"column":0},"end":{"line":116,"column":32}},"116":{"start":{"line":117,"column":0},"end":{"line":117,"column":46}},"117":{"start":{"line":118,"column":0},"end":{"line":118,"column":32}},"118":{"start":{"line":119,"column":0},"end":{"line":119,"column":8}},"119":{"start":{"line":120,"column":0},"end":{"line":120,"column":26}},"120":{"start":{"line":121,"column":0},"end":{"line":121,"column":99}},"121":{"start":{"line":122,"column":0},"end":{"line":122,"column":5}},"122":{"start":{"line":123,"column":0},"end":{"line":123,"column":3}},"124":{"start":{"line":125,"column":0},"end":{"line":125,"column":26}},"125":{"start":{"line":126,"column":0},"end":{"line":126,"column":9}},"126":{"start":{"line":127,"column":0},"end":{"line":127,"column":57}},"127":{"start":{"line":128,"column":0},"end":{"line":128,"column":27}},"128":{"start":{"line":129,"column":0},"end":{"line":129,"column":26}},"129":{"start":{"line":130,"column":0},"end":{"line":130,"column":71}},"130":{"start":{"line":131,"column":0},"end":{"line":131,"column":5}},"131":{"start":{"line":132,"column":0},"end":{"line":132,"column":3}},"133":{"start":{"line":134,"column":0},"end":{"line":134,"column":32}},"134":{"start":{"line":135,"column":0},"end":{"line":135,"column":9}},"135":{"start":{"line":136,"column":0},"end":{"line":136,"column":57}},"136":{"start":{"line":137,"column":0},"end":{"line":137,"column":27}},"137":{"start":{"line":138,"column":0},"end":{"line":138,"column":26}},"138":{"start":{"line":139,"column":0},"end":{"line":139,"column":71}},"139":{"start":{"line":140,"column":0},"end":{"line":140,"column":5}},"140":{"start":{"line":141,"column":0},"end":{"line":141,"column":3}},"142":{"start":{"line":143,"column":0},"end":{"line":143,"column":33}},"143":{"start":{"line":144,"column":0},"end":{"line":144,"column":9}},"144":{"start":{"line":145,"column":0},"end":{"line":145,"column":58}},"145":{"start":{"line":146,"column":0},"end":{"line":146,"column":27}},"146":{"start":{"line":147,"column":0},"end":{"line":147,"column":26}},"147":{"start":{"line":148,"column":0},"end":{"line":148,"column":72}},"148":{"start":{"line":149,"column":0},"end":{"line":149,"column":5}},"149":{"start":{"line":150,"column":0},"end":{"line":150,"column":3}},"150":{"start":{"line":151,"column":0},"end":{"line":151,"column":1}}},"s":{"0":1,"2":1,"4":1,"5":1,"6":1,"7":1,"9":1,"10":1,"11":5,"12":5,"13":4,"14":5,"15":1,"16":1,"17":5,"19":1,"20":1,"21":1,"22":1,"23":1,"24":0,"25":0,"26":1,"28":1,"29":19,"30":19,"31":15,"32":19,"33":4,"34":4,"35":19,"37":1,"38":8,"39":8,"40":8,"41":7,"42":8,"43":1,"44":1,"45":8,"47":1,"48":4,"50":4,"51":4,"52":3,"53":4,"54":0,"55":1,"56":0,"57":1,"58":0,"59":1,"60":0,"61":1,"62":1,"63":1,"65":3,"66":3,"67":3,"69":3,"71":3,"72":3,"73":3,"74":3,"75":3,"76":4,"77":1,"78":1,"79":4,"81":1,"82":0,"83":0,"84":0,"85":0,"86":0,"88":0,"89":0,"91":0,"92":0,"93":0,"94":0,"95":0,"97":1,"98":0,"99":0,"100":0,"101":0,"102":0,"104":0,"105":0,"106":0,"107":0,"109":0,"110":0,"112":0,"114":0,"115":0,"116":0,"117":0,"118":0,"119":0,"120":0,"121":0,"122":0,"124":1,"125":1,"126":1,"127":1,"128":1,"129":0,"130":0,"131":1,"133":1,"134":1,"135":1,"136":1,"137":1,"138":0,"139":0,"140":1,"142":1,"143":1,"144":1,"145":1,"146":1,"147":0,"148":0,"149":1,"150":1},"branchMap":{"0":{"type":"branch","line":11,"loc":{"start":{"line":11,"column":2},"end":{"line":18,"column":3}},"locations":[{"start":{"line":11,"column":2},"end":{"line":18,"column":3}}]},"1":{"type":"branch","line":13,"loc":{"start":{"line":13,"column":55},"end":{"line":15,"column":13}},"locations":[{"start":{"line":13,"column":55},"end":{"line":15,"column":13}}]},"2":{"type":"branch","line":15,"loc":{"start":{"line":15,"column":4},"end":{"line":17,"column":5}},"locations":[{"start":{"line":15,"column":4},"end":{"line":17,"column":5}}]},"3":{"type":"branch","line":20,"loc":{"start":{"line":20,"column":2},"end":{"line":27,"column":3}},"locations":[{"start":{"line":20,"column":2},"end":{"line":27,"column":3}}]},"4":{"type":"branch","line":24,"loc":{"start":{"line":24,"column":4},"end":{"line":26,"column":5}},"locations":[{"start":{"line":24,"column":4},"end":{"line":26,"column":5}}]},"5":{"type":"branch","line":29,"loc":{"start":{"line":29,"column":2},"end":{"line":36,"column":3}},"locations":[{"start":{"line":29,"column":2},"end":{"line":36,"column":3}}]},"6":{"type":"branch","line":31,"loc":{"start":{"line":31,"column":55},"end":{"line":33,"column":13}},"locations":[{"start":{"line":31,"column":55},"end":{"line":33,"column":13}}]},"7":{"type":"branch","line":33,"loc":{"start":{"line":33,"column":4},"end":{"line":35,"column":5}},"locations":[{"start":{"line":33,"column":4},"end":{"line":35,"column":5}}]},"8":{"type":"branch","line":38,"loc":{"start":{"line":38,"column":2},"end":{"line":46,"column":3}},"locations":[{"start":{"line":38,"column":2},"end":{"line":46,"column":3}}]},"9":{"type":"branch","line":41,"loc":{"start":{"line":41,"column":53},"end":{"line":43,"column":13}},"locations":[{"start":{"line":41,"column":53},"end":{"line":43,"column":13}}]},"10":{"type":"branch","line":43,"loc":{"start":{"line":43,"column":4},"end":{"line":45,"column":5}},"locations":[{"start":{"line":43,"column":4},"end":{"line":45,"column":5}}]},"11":{"type":"branch","line":40,"loc":{"start":{"line":40,"column":36},"end":{"line":40,"column":59}},"locations":[{"start":{"line":40,"column":36},"end":{"line":40,"column":59}}]},"12":{"type":"branch","line":42,"loc":{"start":{"line":42,"column":28},"end":{"line":42,"column":51}},"locations":[{"start":{"line":42,"column":28},"end":{"line":42,"column":51}}]},"13":{"type":"branch","line":48,"loc":{"start":{"line":48,"column":2},"end":{"line":80,"column":3}},"locations":[{"start":{"line":48,"column":2},"end":{"line":80,"column":3}}]},"14":{"type":"branch","line":52,"loc":{"start":{"line":52,"column":26},"end":{"line":54,"column":17}},"locations":[{"start":{"line":52,"column":26},"end":{"line":54,"column":17}}]},"15":{"type":"branch","line":54,"loc":{"start":{"line":54,"column":6},"end":{"line":64,"column":7}},"locations":[{"start":{"line":54,"column":6},"end":{"line":64,"column":7}}]},"16":{"type":"branch","line":54,"loc":{"start":{"line":54,"column":33},"end":{"line":56,"column":17}},"locations":[{"start":{"line":54,"column":33},"end":{"line":56,"column":17}}]},"17":{"type":"branch","line":56,"loc":{"start":{"line":56,"column":33},"end":{"line":58,"column":17}},"locations":[{"start":{"line":56,"column":33},"end":{"line":58,"column":17}}]},"18":{"type":"branch","line":58,"loc":{"start":{"line":58,"column":34},"end":{"line":60,"column":17}},"locations":[{"start":{"line":58,"column":34},"end":{"line":60,"column":17}}]},"19":{"type":"branch","line":60,"loc":{"start":{"line":60,"column":34},"end":{"line":62,"column":13}},"locations":[{"start":{"line":60,"column":34},"end":{"line":62,"column":13}}]},"20":{"type":"branch","line":64,"loc":{"start":{"line":64,"column":6},"end":{"line":77,"column":13}},"locations":[{"start":{"line":64,"column":6},"end":{"line":77,"column":13}}]},"21":{"type":"branch","line":77,"loc":{"start":{"line":77,"column":4},"end":{"line":79,"column":5}},"locations":[{"start":{"line":77,"column":4},"end":{"line":79,"column":5}}]},"22":{"type":"branch","line":125,"loc":{"start":{"line":125,"column":2},"end":{"line":132,"column":3}},"locations":[{"start":{"line":125,"column":2},"end":{"line":132,"column":3}}]},"23":{"type":"branch","line":129,"loc":{"start":{"line":129,"column":4},"end":{"line":131,"column":5}},"locations":[{"start":{"line":129,"column":4},"end":{"line":131,"column":5}}]},"24":{"type":"branch","line":134,"loc":{"start":{"line":134,"column":2},"end":{"line":141,"column":3}},"locations":[{"start":{"line":134,"column":2},"end":{"line":141,"column":3}}]},"25":{"type":"branch","line":138,"loc":{"start":{"line":138,"column":4},"end":{"line":140,"column":5}},"locations":[{"start":{"line":138,"column":4},"end":{"line":140,"column":5}}]},"26":{"type":"branch","line":143,"loc":{"start":{"line":143,"column":2},"end":{"line":150,"column":3}},"locations":[{"start":{"line":143,"column":2},"end":{"line":150,"column":3}}]},"27":{"type":"branch","line":147,"loc":{"start":{"line":147,"column":4},"end":{"line":149,"column":5}},"locations":[{"start":{"line":147,"column":4},"end":{"line":149,"column":5}}]}},"b":{"0":[5],"1":[4],"2":[1],"3":[1],"4":[0],"5":[19],"6":[15],"7":[4],"8":[8],"9":[7],"10":[1],"11":[14],"12":[11],"13":[4],"14":[3],"15":[1],"16":[0],"17":[0],"18":[0],"19":[0],"20":[3],"21":[1],"22":[1],"23":[0],"24":[1],"25":[0],"26":[1],"27":[0]},"fnMap":{"0":{"name":"getTopStories","decl":{"start":{"line":11,"column":2},"end":{"line":18,"column":3}},"loc":{"start":{"line":11,"column":2},"end":{"line":18,"column":3}},"line":11},"1":{"name":"getNewStories","decl":{"start":{"line":20,"column":2},"end":{"line":27,"column":3}},"loc":{"start":{"line":20,"column":2},"end":{"line":27,"column":3}},"line":20},"2":{"name":"getStory","decl":{"start":{"line":29,"column":2},"end":{"line":36,"column":3}},"loc":{"start":{"line":29,"column":2},"end":{"line":36,"column":3}},"line":29},"3":{"name":"getStories","decl":{"start":{"line":38,"column":2},"end":{"line":46,"column":3}},"loc":{"start":{"line":38,"column":2},"end":{"line":46,"column":3}},"line":38},"4":{"name":"getPaginatedStories","decl":{"start":{"line":48,"column":2},"end":{"line":80,"column":3}},"loc":{"start":{"line":48,"column":2},"end":{"line":80,"column":3}},"line":48},"5":{"name":"getComments","decl":{"start":{"line":82,"column":2},"end":{"line":96,"column":3}},"loc":{"start":{"line":82,"column":2},"end":{"line":96,"column":3}},"line":82},"6":{"name":"getPaginatedComments","decl":{"start":{"line":98,"column":2},"end":{"line":123,"column":3}},"loc":{"start":{"line":98,"column":2},"end":{"line":123,"column":3}},"line":98},"7":{"name":"getJobs","decl":{"start":{"line":125,"column":2},"end":{"line":132,"column":3}},"loc":{"start":{"line":125,"column":2},"end":{"line":132,"column":3}},"line":125},"8":{"name":"getAskStories","decl":{"start":{"line":134,"column":2},"end":{"line":141,"column":3}},"loc":{"start":{"line":134,"column":2},"end":{"line":141,"column":3}},"line":134},"9":{"name":"getShowStories","decl":{"start":{"line":143,"column":2},"end":{"line":150,"column":3}},"loc":{"start":{"line":143,"column":2},"end":{"line":150,"column":3}},"line":143}},"f":{"0":5,"1":1,"2":19,"3":8,"4":4,"5":0,"6":0,"7":1,"8":1,"9":1}}
,"/Users/orsolya.ruzsin/Documents/hackernews/src/ui/ButtonSample.tsx": {"path":"/Users/orsolya.ruzsin/Documents/hackernews/src/ui/ButtonSample.tsx","all":false,"statementMap":{"0":{"start":{"line":1,"column":0},"end":{"line":1,"column":48}},"2":{"start":{"line":3,"column":0},"end":{"line":3,"column":24}},"3":{"start":{"line":4,"column":0},"end":{"line":4,"column":12}},"4":{"start":{"line":5,"column":0},"end":{"line":5,"column":11}},"5":{"start":{"line":6,"column":0},"end":{"line":6,"column":20}},"6":{"start":{"line":7,"column":0},"end":{"line":7,"column":18}},"7":{"start":{"line":8,"column":0},"end":{"line":8,"column":17}},"8":{"start":{"line":9,"column":0},"end":{"line":9,"column":11}},"9":{"start":{"line":10,"column":0},"end":{"line":10,"column":7}},"10":{"start":{"line":11,"column":0},"end":{"line":11,"column":10}},"11":{"start":{"line":12,"column":0},"end":{"line":12,"column":12}},"12":{"start":{"line":13,"column":0},"end":{"line":13,"column":50}},"13":{"start":{"line":14,"column":0},"end":{"line":14,"column":23}},"14":{"start":{"line":15,"column":0},"end":{"line":15,"column":25}},"15":{"start":{"line":16,"column":0},"end":{"line":16,"column":17}},"16":{"start":{"line":17,"column":0},"end":{"line":17,"column":16}},"18":{"start":{"line":19,"column":0},"end":{"line":19,"column":16}},"19":{"start":{"line":20,"column":0},"end":{"line":20,"column":13}},"21":{"start":{"line":22,"column":0},"end":{"line":22,"column":2}},"23":{"start":{"line":24,"column":0},"end":{"line":24,"column":28}}},"s":{"0":1,"2":1,"3":366,"4":366,"5":366,"6":366,"7":366,"8":366,"9":366,"10":366,"11":366,"12":366,"13":366,"14":366,"15":366,"16":366,"18":366,"19":366,"21":366,"23":1},"branchMap":{"0":{"type":"branch","line":3,"loc":{"start":{"line":3,"column":21},"end":{"line":22,"column":2}},"locations":[{"start":{"line":3,"column":21},"end":{"line":22,"column":2}}]}},"b":{"0":[366]},"fnMap":{"0":{"name":"ButtonSample","decl":{"start":{"line":3,"column":21},"end":{"line":22,"column":2}},"loc":{"start":{"line":3,"column":21},"end":{"line":22,"column":2}},"line":3}},"f":{"0":366}}
}
